Log file open, 10/31/20 00:52:09
LogInit: Display: Running engine for game: SteamProject
LogPlatformFile: Not using cached read wrapper
LogTaskGraph: Started task graph with 5 named threads and 14 total threads with 3 sets of task threads.
LogStats: Stats thread started at 0.295479
LogD3D11RHI: Loaded GFSDK_Aftermath_Lib.x64.dll
LogICUInternationalization: ICU TimeZone Detection - Raw Offset: +0:00, Platform Override: ''
LogPluginManager: Mounting plugin Paper2D
LogPluginManager: Mounting plugin AISupport
LogPluginManager: Mounting plugin LightPropagationVolume
LogPluginManager: Mounting plugin CameraShakePreviewer
LogPluginManager: Mounting plugin ActorLayerUtilities
LogPluginManager: Mounting plugin AnimationSharing
LogPluginManager: Mounting plugin CLionSourceCodeAccess
LogPluginManager: Mounting plugin CodeLiteSourceCodeAccess
LogPluginManager: Mounting plugin GitSourceControl
LogPluginManager: Mounting plugin KDevelopSourceCodeAccess
LogPluginManager: Mounting plugin NullSourceCodeAccess
LogPluginManager: Mounting plugin PerforceSourceControl
LogPluginManager: Mounting plugin PlasticSourceControl
LogPluginManager: Mounting plugin RiderSourceCodeAccess
LogPluginManager: Mounting plugin SubversionSourceControl
LogPluginManager: Mounting plugin UObjectPlugin
LogPluginManager: Mounting plugin VisualStudioCodeSourceCodeAccess
LogPluginManager: Mounting plugin VisualStudioSourceCodeAccess
LogPluginManager: Mounting plugin XCodeSourceCodeAccess
LogPluginManager: Mounting plugin AssetManagerEditor
LogPluginManager: Mounting plugin CryptoKeys
LogPluginManager: Mounting plugin CurveEditorTools
LogPluginManager: Mounting plugin DataValidation
LogPluginManager: Mounting plugin EditorScriptingUtilities
LogPluginManager: Mounting plugin FacialAnimation
LogPluginManager: Mounting plugin GameplayTagsEditor
LogPluginManager: Mounting plugin GeometryMode
LogPluginManager: Mounting plugin MacGraphicsSwitching
LogPluginManager: Mounting plugin MaterialAnalyzer
LogPluginManager: Mounting plugin MobileLauncherProfileWizard
LogPluginManager: Mounting plugin PluginBrowser
LogPluginManager: Mounting plugin SpeedTreeImporter
LogPluginManager: Mounting plugin DatasmithContent
LogPluginManager: Mounting plugin VariantManagerContent
LogPluginManager: Mounting plugin AlembicImporter
LogPluginManager: Mounting plugin AutomationUtils
LogPluginManager: Mounting plugin BackChannel
LogPluginManager: Mounting plugin ChaosCloth
LogPluginManager: Mounting plugin ChaosClothEditor
LogPluginManager: Mounting plugin ChaosEditor
LogPluginManager: Mounting plugin ChaosNiagara
LogPluginManager: Mounting plugin ChaosSolverPlugin
LogPluginManager: Mounting plugin CharacterAI
LogPluginManager: Mounting plugin GeometryCache
LogPluginManager: Mounting plugin GeometryCollectionPlugin
LogPluginManager: Mounting plugin GeometryProcessing
LogPluginManager: Mounting plugin PlanarCut
LogPluginManager: Mounting plugin PlatformCrypto
LogPluginManager: Mounting plugin ProxyLODPlugin
LogPluginManager: Mounting plugin SkeletalReduction
LogPluginManager: Mounting plugin Niagara
LogPluginManager: Mounting plugin MagicLeap
LogPluginManager: Mounting plugin MagicLeapLightEstimation
LogPluginManager: Mounting plugin MagicLeapMedia
LogPluginManager: Mounting plugin MagicLeapPassableWorld
LogPluginManager: Mounting plugin MLSDK
LogPluginManager: Mounting plugin AndroidMedia
LogPluginManager: Mounting plugin AvfMedia
LogPluginManager: Mounting plugin ImgMedia
LogPluginManager: Mounting plugin MediaCompositing
LogPluginManager: Mounting plugin MediaPlayerEditor
LogPluginManager: Mounting plugin WebMMedia
LogPluginManager: Mounting plugin WmfMedia
LogPluginManager: Mounting plugin MeshPainting
LogPluginManager: Mounting plugin TcpMessaging
LogPluginManager: Mounting plugin UdpMessaging
LogPluginManager: Mounting plugin ActorSequence
LogPluginManager: Mounting plugin LevelSequenceEditor
LogPluginManager: Mounting plugin MatineeToLevelSequence
LogPluginManager: Mounting plugin MovieRenderPipeline
LogPluginManager: Mounting plugin TemplateSequence
LogPluginManager: Mounting plugin NetcodeUnitTest
LogPluginManager: Mounting plugin NUTUnrealEngine4
LogPluginManager: Mounting plugin OnlineSubsystemGooglePlay
LogPluginManager: Mounting plugin OnlineSubsystemIOS
LogPluginManager: Mounting plugin OnlineSubsystem
LogPluginManager: Mounting plugin OnlineSubsystemNull
LogPluginManager: Mounting plugin OnlineSubsystemUtils
LogPluginManager: Mounting plugin LauncherChunkInstaller
LogPluginManager: Mounting plugin AndroidDeviceProfileSelector
LogPluginManager: Mounting plugin AndroidMoviePlayer
LogPluginManager: Mounting plugin AndroidPermission
LogPluginManager: Mounting plugin AppleImageUtils
LogPluginManager: Mounting plugin AppleMoviePlayer
LogPluginManager: Mounting plugin ArchVisCharacter
LogPluginManager: Mounting plugin AssetTags
LogPluginManager: Mounting plugin AudioCapture
LogPluginManager: Mounting plugin CableComponent
LogPluginManager: Mounting plugin CustomMeshComponent
LogPluginManager: Mounting plugin EditableMesh
LogPluginManager: Mounting plugin ExampleDeviceProfileSelector
LogPluginManager: Mounting plugin GoogleCloudMessaging
LogPluginManager: Mounting plugin GooglePAD
LogPluginManager: Mounting plugin IOSDeviceProfileSelector
LogPluginManager: Mounting plugin LinuxDeviceProfileSelector
LogPluginManager: Mounting plugin LocationServicesBPLibrary
LogPluginManager: Mounting plugin MobilePatchingUtils
LogPluginManager: Mounting plugin OculusVR
LogPluginManager: Mounting plugin PhysXVehicles
LogPluginManager: Mounting plugin PostSplashScreen
LogPluginManager: Mounting plugin ProceduralMeshComponent
LogPluginManager: Mounting plugin RuntimePhysXCooking
LogPluginManager: Mounting plugin SignificanceManager
LogPluginManager: Mounting plugin SoundFields
LogPluginManager: Mounting plugin SteamVR
LogPluginManager: Mounting plugin Synthesis
LogPluginManager: Mounting plugin WebMMoviePlayer
LogPluginManager: Mounting plugin WindowsMoviePlayer
LogPluginManager: Mounting plugin ScreenshotTools
LogInit: Using libcurl 7.55.1-DEV
LogInit:  - built for x86_64-pc-win32
LogInit:  - supports SSL with OpenSSL/1.1.1
LogInit:  - supports HTTP deflate (compression) using libz 1.2.8
LogInit:  - other features:
LogInit:      CURL_VERSION_SSL
LogInit:      CURL_VERSION_LIBZ
LogInit:      CURL_VERSION_IPV6
LogInit:      CURL_VERSION_ASYNCHDNS
LogInit:      CURL_VERSION_LARGEFILE
LogInit:      CURL_VERSION_IDN
LogInit:  CurlRequestOptions (configurable via config and command line):
LogInit:  - bVerifyPeer = true  - Libcurl will verify peer certificate
LogInit:  - bUseHttpProxy = false  - Libcurl will NOT use HTTP proxy
LogInit:  - bDontReuseConnections = false  - Libcurl will reuse connections
LogInit:  - MaxHostConnections = 16  - Libcurl will limit the number of connections to a host
LogInit:  - LocalHostAddr = Default
LogInit:  - BufferSize = 65536
LogModuleManager: Warning: ModuleManager: Unable to load module 'OnlineSubsystemSteam'  - 0 instances of that module name found.
LogOnline: Warning: OSS: TryLoadSubsystemAndSetDefault: LoadSubsystemModule([Steam]) failed
LogOnline: OSS: Creating online subsystem instance for: NULL
LogInit: WinSock: version 1.1 (2.2), MaxSocks=32767, MaxUdp=65467
LogOnline: OSS: TryLoadSubsystemAndSetDefault: Loaded subsystem for module [NULL]
LogInit: Build: ++UE4+Release-4.25-CL-14469661
LogInit: Engine Version: 4.25.4-14469661+++UE4+Release-4.25
LogInit: Compatible Engine Version: 4.25.0-13144385+++UE4+Release-4.25
LogInit: Net CL: 13144385
LogInit: OS: Windows 10 (Release 2004) (), CPU: Intel(R) Core(TM) i5-6400 CPU @ 2.70GHz, GPU: NVIDIA GeForce GTX 970
LogInit: Compiled (64-bit): Oct 11 2020 08:10:49
LogInit: Compiled with Visual C++: 19.24.28315.00
LogInit: Build Configuration: Development
LogInit: Branch Name: ++UE4+Release-4.25
LogInit: Command Line:  -EpicPortal -epicusername=Th3Darkside -epicuserid=df7389077b12497eb804088878ed67ed -epiclocale=en
LogInit: Base Directory: C:/Program Files/Epic Games/UE_4.25/Engine/Binaries/Win64/
LogInit: Allocator: TBB
LogInit: Installed Engine Build: 1
LogDevObjectVersion: Number of dev versions registered: 26
LogDevObjectVersion:   Dev-Blueprints (B0D832E4-1F89-4F0D-ACCF-7EB736FD4AA2): 10
LogDevObjectVersion:   Dev-Build (E1C64328-A22C-4D53-A36C-8E866417BD8C): 0
LogDevObjectVersion:   Dev-Core (375EC13C-06E4-48FB-B500-84F0262A717E): 4
LogDevObjectVersion:   Dev-Editor (E4B068ED-F494-42E9-A231-DA0B2E46BB41): 38
LogDevObjectVersion:   Dev-Framework (CFFC743F-43B0-4480-9391-14DF171D2073): 37
LogDevObjectVersion:   Dev-Mobile (B02B49B5-BB20-44E9-A304-32B752E40360): 2
LogDevObjectVersion:   Dev-Networking (A4E4105C-59A1-49B5-A7C5-40C4547EDFEE): 0
LogDevObjectVersion:   Dev-Online (39C831C9-5AE6-47DC-9A44-9C173E1C8E7C): 0
LogDevObjectVersion:   Dev-Physics (78F01B33-EBEA-4F98-B9B4-84EACCB95AA2): 4
LogDevObjectVersion:   Dev-Platform (6631380F-2D4D-43E0-8009-CF276956A95A): 0
LogDevObjectVersion:   Dev-Rendering (12F88B9F-8875-4AFC-A67C-D90C383ABD29): 43
LogDevObjectVersion:   Dev-Sequencer (7B5AE74C-D270-4C10-A958-57980B212A5A): 12
LogDevObjectVersion:   Dev-VR (D7296918-1DD6-4BDD-9DE2-64A83CC13884): 3
LogDevObjectVersion:   Dev-LoadTimes (C2A15278-BFE7-4AFE-6C17-90FF531DF755): 1
LogDevObjectVersion:   Private-Geometry (6EACA3D4-40EC-4CC1-B786-8BED09428FC5): 3
LogDevObjectVersion:   Dev-AnimPhys (29E575DD-E0A3-4627-9D10-D276232CDCEA): 17
LogDevObjectVersion:   Dev-Anim (AF43A65D-7FD3-4947-9873-3E8ED9C1BB05): 7
LogDevObjectVersion:   Dev-ReflectionCapture (6B266CEC-1EC7-4B8F-A30B-E4D90942FC07): 1
LogDevObjectVersion:   Dev-Automation (0DF73D61-A23F-47EA-B727-89E90C41499A): 1
LogDevObjectVersion:   FortniteMain (601D1886-AC64-4F84-AA16-D3DE0DEAC7D6): 31
LogDevObjectVersion:   Dev-Enterprise (9DFFBCD6-494F-0158-E221-12823C92A888): 10
LogDevObjectVersion:   Dev-Niagara (F2AED0AC-9AFE-416F-8664-AA7FFA26D6FC): 1
LogDevObjectVersion:   Dev-Destruction (174F1F0B-B4C6-45A5-B13F-2EE8D0FB917D): 10
LogDevObjectVersion:   Dev-Physics-Ext (35F94A83-E258-406C-A318-09F59610247C): 37
LogDevObjectVersion:   Dev-PhysicsMaterial-Chaos (B68FC16E-8B1B-42E2-B453-215C058844FE): 1
LogDevObjectVersion:   Dev-CineCamera (B2E18506-4273-CFC2-A54E-F4BB758BBA07): 1
LogInit: Presizing for max 25165824 objects, including 0 objects not considered by GC, pre-allocating 0 bytes for permanent pool.
LogConfig: Applying CVar settings from Section [/Script/Engine.StreamingSettings] File [C:/Users/felld/Documents/Unreal Projects/SteamProject 4.25/Saved/Config/Windows/Engine.ini]
LogConfig: Setting CVar [[s.MinBulkDataSizeForAsyncLoading:131072]]
LogConfig: Setting CVar [[s.AsyncLoadingThreadEnabled:0]]
LogConfig: Setting CVar [[s.EventDrivenLoaderEnabled:1]]
LogConfig: Setting CVar [[s.WarnIfTimeLimitExceeded:0]]
LogConfig: Setting CVar [[s.TimeLimitExceededMultiplier:1.5]]
LogConfig: Setting CVar [[s.TimeLimitExceededMinTime:0.005]]
LogConfig: Setting CVar [[s.UseBackgroundLevelStreaming:1]]
LogConfig: Setting CVar [[s.PriorityAsyncLoadingExtraTime:15.0]]
LogConfig: Setting CVar [[s.LevelStreamingActorsUpdateTimeLimit:5.0]]
LogConfig: Setting CVar [[s.PriorityLevelStreamingActorsUpdateExtraTime:5.0]]
LogConfig: Setting CVar [[s.LevelStreamingComponentsRegistrationGranularity:10]]
LogConfig: Setting CVar [[s.UnregisterComponentsTimeLimit:1.0]]
LogConfig: Setting CVar [[s.LevelStreamingComponentsUnregistrationGranularity:5]]
LogConfig: Setting CVar [[s.FlushStreamingOnExit:1]]
LogInit: Object subsystem initialized
LogConfig: Setting CVar [[con.DebugEarlyDefault:1]]
LogConfig: Setting CVar [[r.setres:1280x720]]
[2020.10.31-00.52.09:696][  0]LogConfig: Setting CVar [[r.VSync:0]]
[2020.10.31-00.52.09:696][  0]LogConfig: Setting CVar [[r.RHICmdBypass:0]]
[2020.10.31-00.52.09:696][  0]LogConfig: Applying CVar settings from Section [/Script/Engine.RendererSettings] File [C:/Users/felld/Documents/Unreal Projects/SteamProject 4.25/Saved/Config/Windows/Engine.ini]
[2020.10.31-00.52.09:696][  0]LogConfig: Setting CVar [[r.GPUCrashDebugging:0]]
[2020.10.31-00.52.09:696][  0]LogConfig: Applying CVar settings from Section [/Script/Engine.RendererOverrideSettings] File [C:/Users/felld/Documents/Unreal Projects/SteamProject 4.25/Saved/Config/Windows/Engine.ini]
[2020.10.31-00.52.09:696][  0]LogConfig: Applying CVar settings from Section [/Script/Engine.StreamingSettings] File [C:/Users/felld/Documents/Unreal Projects/SteamProject 4.25/Saved/Config/Windows/Engine.ini]
[2020.10.31-00.52.09:696][  0]LogConfig: Setting CVar [[s.MinBulkDataSizeForAsyncLoading:131072]]
[2020.10.31-00.52.09:696][  0]LogConfig: Setting CVar [[s.AsyncLoadingThreadEnabled:0]]
[2020.10.31-00.52.09:696][  0]LogConfig: Setting CVar [[s.EventDrivenLoaderEnabled:1]]
[2020.10.31-00.52.09:696][  0]LogConfig: Setting CVar [[s.WarnIfTimeLimitExceeded:0]]
[2020.10.31-00.52.09:696][  0]LogConfig: Setting CVar [[s.TimeLimitExceededMultiplier:1.5]]
[2020.10.31-00.52.09:696][  0]LogConfig: Setting CVar [[s.TimeLimitExceededMinTime:0.005]]
[2020.10.31-00.52.09:696][  0]LogConfig: Setting CVar [[s.UseBackgroundLevelStreaming:1]]
[2020.10.31-00.52.09:696][  0]LogConfig: Setting CVar [[s.PriorityAsyncLoadingExtraTime:15.0]]
[2020.10.31-00.52.09:696][  0]LogConfig: Setting CVar [[s.LevelStreamingActorsUpdateTimeLimit:5.0]]
[2020.10.31-00.52.09:696][  0]LogConfig: Setting CVar [[s.PriorityLevelStreamingActorsUpdateExtraTime:5.0]]
[2020.10.31-00.52.09:696][  0]LogConfig: Setting CVar [[s.LevelStreamingComponentsRegistrationGranularity:10]]
[2020.10.31-00.52.09:696][  0]LogConfig: Setting CVar [[s.UnregisterComponentsTimeLimit:1.0]]
[2020.10.31-00.52.09:696][  0]LogConfig: Setting CVar [[s.LevelStreamingComponentsUnregistrationGranularity:5]]
[2020.10.31-00.52.09:696][  0]LogConfig: Setting CVar [[s.FlushStreamingOnExit:1]]
[2020.10.31-00.52.09:696][  0]LogConfig: Applying CVar settings from Section [/Script/Engine.GarbageCollectionSettings] File [C:/Users/felld/Documents/Unreal Projects/SteamProject 4.25/Saved/Config/Windows/Engine.ini]
[2020.10.31-00.52.09:696][  0]LogConfig: Setting CVar [[gc.MaxObjectsNotConsideredByGC:1]]
[2020.10.31-00.52.09:696][  0]LogConfig: Setting CVar [[gc.SizeOfPermanentObjectPool:0]]
[2020.10.31-00.52.09:696][  0]LogConfig: Setting CVar [[gc.FlushStreamingOnGC:0]]
[2020.10.31-00.52.09:696][  0]LogConfig: Setting CVar [[gc.NumRetriesBeforeForcingGC:10]]
[2020.10.31-00.52.09:697][  0]LogConfig: Setting CVar [[gc.AllowParallelGC:1]]
[2020.10.31-00.52.09:697][  0]LogConfig: Setting CVar [[gc.TimeBetweenPurgingPendingKillObjects:61.1]]
[2020.10.31-00.52.09:697][  0]LogConfig: Setting CVar [[gc.MaxObjectsInEditor:25165824]]
[2020.10.31-00.52.09:697][  0]LogConfig: Setting CVar [[gc.IncrementalBeginDestroyEnabled:1]]
[2020.10.31-00.52.09:697][  0]LogConfig: Setting CVar [[gc.CreateGCClusters:1]]
[2020.10.31-00.52.09:697][  0]LogConfig: Setting CVar [[gc.MinGCClusterSize:5]]
[2020.10.31-00.52.09:697][  0]LogConfig: Setting CVar [[gc.ActorClusteringEnabled:0]]
[2020.10.31-00.52.09:697][  0]LogConfig: Setting CVar [[gc.BlueprintClusteringEnabled:0]]
[2020.10.31-00.52.09:697][  0]LogConfig: Setting CVar [[gc.UseDisregardForGCOnDedicatedServers:0]]
[2020.10.31-00.52.09:697][  0]LogConfig: Applying CVar settings from Section [/Script/Engine.NetworkSettings] File [C:/Users/felld/Documents/Unreal Projects/SteamProject 4.25/Saved/Config/Windows/Engine.ini]
[2020.10.31-00.52.09:697][  0]LogConfig: Applying CVar settings from Section [/Script/UnrealEd.CookerSettings] File [C:/Users/felld/Documents/Unreal Projects/SteamProject 4.25/Saved/Config/Windows/Engine.ini]
[2020.10.31-00.52.09:703][  0]LogConfig: Applying CVar settings from Section [ViewDistanceQuality@3] File [C:/Users/felld/Documents/Unreal Projects/SteamProject 4.25/Saved/Config/Windows/Scalability.ini]
[2020.10.31-00.52.09:703][  0]LogConfig: Setting CVar [[r.SkeletalMeshLODBias:0]]
[2020.10.31-00.52.09:703][  0]LogConfig: Setting CVar [[r.ViewDistanceScale:1.0]]
[2020.10.31-00.52.09:703][  0]LogConfig: Applying CVar settings from Section [AntiAliasingQuality@3] File [C:/Users/felld/Documents/Unreal Projects/SteamProject 4.25/Saved/Config/Windows/Scalability.ini]
[2020.10.31-00.52.09:703][  0]LogConfig: Setting CVar [[r.PostProcessAAQuality:4]]
[2020.10.31-00.52.09:703][  0]LogConfig: Applying CVar settings from Section [ShadowQuality@3] File [C:/Users/felld/Documents/Unreal Projects/SteamProject 4.25/Saved/Config/Windows/Scalability.ini]
[2020.10.31-00.52.09:703][  0]LogConfig: Setting CVar [[r.LightFunctionQuality:1]]
[2020.10.31-00.52.09:704][  0]LogConfig: Setting CVar [[r.ShadowQuality:5]]
[2020.10.31-00.52.09:704][  0]LogConfig: Setting CVar [[r.Shadow.CSM.MaxCascades:10]]
[2020.10.31-00.52.09:704][  0]LogConfig: Setting CVar [[r.Shadow.MaxResolution:2048]]
[2020.10.31-00.52.09:704][  0]LogConfig: Setting CVar [[r.Shadow.MaxCSMResolution:2048]]
[2020.10.31-00.52.09:704][  0]LogConfig: Setting CVar [[r.Shadow.RadiusThreshold:0.01]]
[2020.10.31-00.52.09:704][  0]LogConfig: Setting CVar [[r.Shadow.DistanceScale:1.0]]
[2020.10.31-00.52.09:704][  0]LogConfig: Setting CVar [[r.Shadow.CSM.TransitionScale:1.0]]
[2020.10.31-00.52.09:704][  0]LogConfig: Setting CVar [[r.Shadow.PreShadowResolutionFactor:1.0]]
[2020.10.31-00.52.09:704][  0]LogConfig: Setting CVar [[r.DistanceFieldShadowing:1]]
[2020.10.31-00.52.09:704][  0]LogConfig: Setting CVar [[r.DistanceFieldAO:1]]
[2020.10.31-00.52.09:704][  0]LogConfig: Setting CVar [[r.AOQuality:2]]
[2020.10.31-00.52.09:704][  0]LogConfig: Setting CVar [[r.VolumetricFog:1]]
[2020.10.31-00.52.09:704][  0]LogConfig: Setting CVar [[r.VolumetricFog.GridPixelSize:8]]
[2020.10.31-00.52.09:704][  0]LogConfig: Setting CVar [[r.VolumetricFog.GridSizeZ:128]]
[2020.10.31-00.52.09:704][  0]LogConfig: Setting CVar [[r.VolumetricFog.HistoryMissSupersampleCount:4]]
[2020.10.31-00.52.09:704][  0]LogConfig: Setting CVar [[r.LightMaxDrawDistanceScale:1]]
[2020.10.31-00.52.09:704][  0]LogConfig: Setting CVar [[r.CapsuleShadows:1]]
[2020.10.31-00.52.09:704][  0]LogConfig: Applying CVar settings from Section [PostProcessQuality@3] File [C:/Users/felld/Documents/Unreal Projects/SteamProject 4.25/Saved/Config/Windows/Scalability.ini]
[2020.10.31-00.52.09:704][  0]LogConfig: Setting CVar [[r.MotionBlurQuality:4]]
[2020.10.31-00.52.09:704][  0]LogConfig: Setting CVar [[r.AmbientOcclusionMipLevelFactor:0.4]]
[2020.10.31-00.52.09:704][  0]LogConfig: Setting CVar [[r.AmbientOcclusionMaxQuality:100]]
[2020.10.31-00.52.09:704][  0]LogConfig: Setting CVar [[r.AmbientOcclusionLevels:-1]]
[2020.10.31-00.52.09:704][  0]LogConfig: Setting CVar [[r.AmbientOcclusionRadiusScale:1.0]]
[2020.10.31-00.52.09:704][  0]LogConfig: Setting CVar [[r.DepthOfFieldQuality:2]]
[2020.10.31-00.52.09:704][  0]LogConfig: Setting CVar [[r.RenderTargetPoolMin:400]]
[2020.10.31-00.52.09:704][  0]LogConfig: Setting CVar [[r.LensFlareQuality:2]]
[2020.10.31-00.52.09:704][  0]LogConfig: Setting CVar [[r.SceneColorFringeQuality:1]]
[2020.10.31-00.52.09:704][  0]LogConfig: Setting CVar [[r.EyeAdaptationQuality:2]]
[2020.10.31-00.52.09:704][  0]LogConfig: Setting CVar [[r.BloomQuality:5]]
[2020.10.31-00.52.09:704][  0]LogConfig: Setting CVar [[r.FastBlurThreshold:100]]
[2020.10.31-00.52.09:704][  0]LogConfig: Setting CVar [[r.Upscale.Quality:3]]
[2020.10.31-00.52.09:704][  0]LogConfig: Setting CVar [[r.Tonemapper.GrainQuantization:1]]
[2020.10.31-00.52.09:704][  0]LogConfig: Setting CVar [[r.LightShaftQuality:1]]
[2020.10.31-00.52.09:704][  0]LogConfig: Setting CVar [[r.Filter.SizeScale:1]]
[2020.10.31-00.52.09:704][  0]LogConfig: Setting CVar [[r.Tonemapper.Quality:5]]
[2020.10.31-00.52.09:704][  0]LogConfig: Setting CVar [[r.DOF.Gather.AccumulatorQuality:1        ; higher gathering accumulator quality]]
[2020.10.31-00.52.09:704][  0]LogConfig: Setting CVar [[r.DOF.Gather.PostfilterMethod:1          ; Median3x3 postfilering method]]
[2020.10.31-00.52.09:704][  0]LogConfig: Setting CVar [[r.DOF.Gather.EnableBokehSettings:0       ; no bokeh simulation when gathering]]
[2020.10.31-00.52.09:704][  0]LogConfig: Setting CVar [[r.DOF.Gather.RingCount:4                 ; medium number of samples when gathering]]
[2020.10.31-00.52.09:704][  0]LogConfig: Setting CVar [[r.DOF.Scatter.ForegroundCompositing:1    ; additive foreground scattering]]
[2020.10.31-00.52.09:704][  0]LogConfig: Setting CVar [[r.DOF.Scatter.BackgroundCompositing:2    ; additive background scattering]]
[2020.10.31-00.52.09:704][  0]LogConfig: Setting CVar [[r.DOF.Scatter.EnableBokehSettings:1      ; bokeh simulation when scattering]]
[2020.10.31-00.52.09:704][  0]LogConfig: Setting CVar [[r.DOF.Scatter.MaxSpriteRatio:0.1         ; only a maximum of 10% of scattered bokeh]]
[2020.10.31-00.52.09:704][  0]LogConfig: Setting CVar [[r.DOF.Recombine.Quality:1                ; cheap slight out of focus]]
[2020.10.31-00.52.09:704][  0]LogConfig: Setting CVar [[r.DOF.Recombine.EnableBokehSettings:0    ; no bokeh simulation on slight out of focus]]
[2020.10.31-00.52.09:704][  0]LogConfig: Setting CVar [[r.DOF.TemporalAAQuality:1                ; more stable temporal accumulation]]
[2020.10.31-00.52.09:704][  0]LogConfig: Setting CVar [[r.DOF.Kernel.MaxForegroundRadius:0.025]]
[2020.10.31-00.52.09:704][  0]LogConfig: Setting CVar [[r.DOF.Kernel.MaxBackgroundRadius:0.025]]
[2020.10.31-00.52.09:704][  0]LogConfig: Applying CVar settings from Section [TextureQuality@3] File [C:/Users/felld/Documents/Unreal Projects/SteamProject 4.25/Saved/Config/Windows/Scalability.ini]
[2020.10.31-00.52.09:704][  0]LogConfig: Setting CVar [[r.Streaming.MipBias:0]]
[2020.10.31-00.52.09:704][  0]LogConfig: Setting CVar [[r.Streaming.AmortizeCPUToGPUCopy:0]]
[2020.10.31-00.52.09:704][  0]LogConfig: Setting CVar [[r.Streaming.MaxNumTexturesToStreamPerFrame:0]]
[2020.10.31-00.52.09:704][  0]LogConfig: Setting CVar [[r.Streaming.Boost:1]]
[2020.10.31-00.52.09:704][  0]LogConfig: Setting CVar [[r.MaxAnisotropy:8]]
[2020.10.31-00.52.09:704][  0]LogConfig: Setting CVar [[r.VT.MaxAnisotropy:8]]
[2020.10.31-00.52.09:704][  0]LogConfig: Setting CVar [[r.Streaming.LimitPoolSizeToVRAM:0]]
[2020.10.31-00.52.09:704][  0]LogConfig: Setting CVar [[r.Streaming.PoolSize:1000]]
[2020.10.31-00.52.09:704][  0]LogConfig: Setting CVar [[r.Streaming.MaxEffectiveScreenSize:0]]
[2020.10.31-00.52.09:704][  0]LogConfig: Applying CVar settings from Section [EffectsQuality@3] File [C:/Users/felld/Documents/Unreal Projects/SteamProject 4.25/Saved/Config/Windows/Scalability.ini]
[2020.10.31-00.52.09:705][  0]LogConfig: Setting CVar [[r.TranslucencyLightingVolumeDim:64]]
[2020.10.31-00.52.09:705][  0]LogConfig: Setting CVar [[r.RefractionQuality:2]]
[2020.10.31-00.52.09:705][  0]LogConfig: Setting CVar [[r.SSR.Quality:3]]
[2020.10.31-00.52.09:705][  0]LogConfig: Setting CVar [[r.SSR.HalfResSceneColor:0]]
[2020.10.31-00.52.09:705][  0]LogConfig: Setting CVar [[r.SceneColorFormat:4]]
[2020.10.31-00.52.09:705][  0]LogConfig: Setting CVar [[r.DetailMode:2]]
[2020.10.31-00.52.09:705][  0]LogConfig: Setting CVar [[r.TranslucencyVolumeBlur:1]]
[2020.10.31-00.52.09:705][  0]LogConfig: Setting CVar [[r.MaterialQualityLevel:1 ; High quality]]
[2020.10.31-00.52.09:705][  0]LogConfig: Setting CVar [[r.SSS.Scale:1]]
[2020.10.31-00.52.09:705][  0]LogConfig: Setting CVar [[r.SSS.SampleSet:2]]
[2020.10.31-00.52.09:705][  0]LogConfig: Setting CVar [[r.SSS.Quality:1]]
[2020.10.31-00.52.09:705][  0]LogConfig: Setting CVar [[r.SSS.HalfRes:0]]
[2020.10.31-00.52.09:705][  0]LogConfig: Setting CVar [[r.SSGI.Quality:3]]
[2020.10.31-00.52.09:705][  0]LogConfig: Setting CVar [[r.EmitterSpawnRateScale:1.0]]
[2020.10.31-00.52.09:705][  0]LogConfig: Setting CVar [[r.ParticleLightQuality:2]]
[2020.10.31-00.52.09:705][  0]LogConfig: Setting CVar [[r.SkyAtmosphere.AerialPerspectiveLUT.FastApplyOnOpaque:1 ; Always have FastSkyLUT 1 in this case to avoid wrong sky]]
[2020.10.31-00.52.09:705][  0]LogConfig: Setting CVar [[r.SkyAtmosphere.AerialPerspectiveLUT.SampleCountPerSlice:1]]
[2020.10.31-00.52.09:705][  0]LogConfig: Setting CVar [[r.SkyAtmosphere.AerialPerspectiveLUT.DepthResolution:16.0]]
[2020.10.31-00.52.09:705][  0]LogConfig: Setting CVar [[r.SkyAtmosphere.FastSkyLUT:1]]
[2020.10.31-00.52.09:705][  0]LogConfig: Setting CVar [[r.SkyAtmosphere.FastSkyLUT.SampleCountMin:4.0]]
[2020.10.31-00.52.09:705][  0]LogConfig: Setting CVar [[r.SkyAtmosphere.FastSkyLUT.SampleCountMax:32.0]]
[2020.10.31-00.52.09:705][  0]LogConfig: Setting CVar [[r.SkyAtmosphere.SampleCountMin:4.0]]
[2020.10.31-00.52.09:705][  0]LogConfig: Setting CVar [[r.SkyAtmosphere.SampleCountMax:32.0]]
[2020.10.31-00.52.09:705][  0]LogConfig: Setting CVar [[r.SkyAtmosphere.TransmittanceLUT.UseSmallFormat:0]]
[2020.10.31-00.52.09:705][  0]LogConfig: Setting CVar [[r.SkyAtmosphere.TransmittanceLUT.SampleCount:10.0]]
[2020.10.31-00.52.09:705][  0]LogConfig: Setting CVar [[r.SkyAtmosphere.MultiScatteringLUT.SampleCount:15.0]]
[2020.10.31-00.52.09:705][  0]LogConfig: Applying CVar settings from Section [FoliageQuality@3] File [C:/Users/felld/Documents/Unreal Projects/SteamProject 4.25/Saved/Config/Windows/Scalability.ini]
[2020.10.31-00.52.09:705][  0]LogConfig: Setting CVar [[foliage.DensityScale:1.0]]
[2020.10.31-00.52.09:705][  0]LogConfig: Setting CVar [[grass.DensityScale:1.0]]
[2020.10.31-00.52.09:705][  0]LogConfig: Applying CVar settings from Section [ShadingQuality@3] File [C:/Users/felld/Documents/Unreal Projects/SteamProject 4.25/Saved/Config/Windows/Scalability.ini]
[2020.10.31-00.52.09:705][  0]LogConfig: Setting CVar [[r.HairStrands.SkyLighting.SampleCount:16]]
[2020.10.31-00.52.09:705][  0]LogConfig: Setting CVar [[r.HairStrands.SkyLighting.JitterIntegration:0]]
[2020.10.31-00.52.09:705][  0]LogConfig: Setting CVar [[r.HairStrands.SkyAO.SampleCount:16]]
[2020.10.31-00.52.09:705][  0]LogConfig: Setting CVar [[r.HairStrands.DeepShadow.SuperSampling:0]]
[2020.10.31-00.52.09:705][  0]LogConfig: Setting CVar [[r.HairStrands.VisibilityPPLL:0]]
[2020.10.31-00.52.09:705][  0]LogConfig: Setting CVar [[r.HairStrands.RasterizationScale:0.5]]
[2020.10.31-00.52.09:705][  0]LogConfig: Setting CVar [[r.HairStrands.VelocityRasterizationScale:1]]
[2020.10.31-00.52.09:705][  0]LogInit: Selected Device Profile: [Windows]
[2020.10.31-00.52.09:705][  0]LogInit: Applying CVar settings loaded from the selected device profile: [Windows]
[2020.10.31-00.52.09:705][  0]LogHAL: Display: Platform has ~ 16 GB [17106046976 / 17179869184 / 16], which maps to Larger [LargestMinGB=32, LargerMinGB=12, DefaultMinGB=8, SmallerMinGB=6, SmallestMinGB=0)
[2020.10.31-00.52.09:705][  0]LogInit: Going up to parent DeviceProfile []
[2020.10.31-00.52.09:705][  0]LogConfig: Applying CVar settings from Section [ViewDistanceQuality@3] File [C:/Users/felld/Documents/Unreal Projects/SteamProject 4.25/Saved/Config/Windows/Scalability.ini]
[2020.10.31-00.52.09:705][  0]LogConfig: Setting CVar [[r.SkeletalMeshLODBias:0]]
[2020.10.31-00.52.09:705][  0]LogConfig: Setting CVar [[r.ViewDistanceScale:1.0]]
[2020.10.31-00.52.09:705][  0]LogConfig: Applying CVar settings from Section [AntiAliasingQuality@3] File [C:/Users/felld/Documents/Unreal Projects/SteamProject 4.25/Saved/Config/Windows/Scalability.ini]
[2020.10.31-00.52.09:705][  0]LogConfig: Setting CVar [[r.PostProcessAAQuality:4]]
[2020.10.31-00.52.09:706][  0]LogConfig: Applying CVar settings from Section [ShadowQuality@3] File [C:/Users/felld/Documents/Unreal Projects/SteamProject 4.25/Saved/Config/Windows/Scalability.ini]
[2020.10.31-00.52.09:706][  0]LogConfig: Setting CVar [[r.LightFunctionQuality:1]]
[2020.10.31-00.52.09:706][  0]LogConfig: Setting CVar [[r.ShadowQuality:5]]
[2020.10.31-00.52.09:706][  0]LogConfig: Setting CVar [[r.Shadow.CSM.MaxCascades:10]]
[2020.10.31-00.52.09:706][  0]LogConfig: Setting CVar [[r.Shadow.MaxResolution:2048]]
[2020.10.31-00.52.09:706][  0]LogConfig: Setting CVar [[r.Shadow.MaxCSMResolution:2048]]
[2020.10.31-00.52.09:706][  0]LogConfig: Setting CVar [[r.Shadow.RadiusThreshold:0.01]]
[2020.10.31-00.52.09:706][  0]LogConfig: Setting CVar [[r.Shadow.DistanceScale:1.0]]
[2020.10.31-00.52.09:706][  0]LogConfig: Setting CVar [[r.Shadow.CSM.TransitionScale:1.0]]
[2020.10.31-00.52.09:706][  0]LogConfig: Setting CVar [[r.Shadow.PreShadowResolutionFactor:1.0]]
[2020.10.31-00.52.09:706][  0]LogConfig: Setting CVar [[r.DistanceFieldShadowing:1]]
[2020.10.31-00.52.09:706][  0]LogConfig: Setting CVar [[r.DistanceFieldAO:1]]
[2020.10.31-00.52.09:706][  0]LogConfig: Setting CVar [[r.AOQuality:2]]
[2020.10.31-00.52.09:706][  0]LogConfig: Setting CVar [[r.VolumetricFog:1]]
[2020.10.31-00.52.09:706][  0]LogConfig: Setting CVar [[r.VolumetricFog.GridPixelSize:8]]
[2020.10.31-00.52.09:706][  0]LogConfig: Setting CVar [[r.VolumetricFog.GridSizeZ:128]]
[2020.10.31-00.52.09:706][  0]LogConfig: Setting CVar [[r.VolumetricFog.HistoryMissSupersampleCount:4]]
[2020.10.31-00.52.09:706][  0]LogConfig: Setting CVar [[r.LightMaxDrawDistanceScale:1]]
[2020.10.31-00.52.09:706][  0]LogConfig: Setting CVar [[r.CapsuleShadows:1]]
[2020.10.31-00.52.09:707][  0]LogConfig: Applying CVar settings from Section [PostProcessQuality@3] File [C:/Users/felld/Documents/Unreal Projects/SteamProject 4.25/Saved/Config/Windows/Scalability.ini]
[2020.10.31-00.52.09:707][  0]LogConfig: Setting CVar [[r.MotionBlurQuality:4]]
[2020.10.31-00.52.09:707][  0]LogConfig: Setting CVar [[r.AmbientOcclusionMipLevelFactor:0.4]]
[2020.10.31-00.52.09:707][  0]LogConfig: Setting CVar [[r.AmbientOcclusionMaxQuality:100]]
[2020.10.31-00.52.09:707][  0]LogConfig: Setting CVar [[r.AmbientOcclusionLevels:-1]]
[2020.10.31-00.52.09:707][  0]LogConfig: Setting CVar [[r.AmbientOcclusionRadiusScale:1.0]]
[2020.10.31-00.52.09:707][  0]LogConfig: Setting CVar [[r.DepthOfFieldQuality:2]]
[2020.10.31-00.52.09:707][  0]LogConfig: Setting CVar [[r.RenderTargetPoolMin:400]]
[2020.10.31-00.52.09:707][  0]LogConfig: Setting CVar [[r.LensFlareQuality:2]]
[2020.10.31-00.52.09:707][  0]LogConfig: Setting CVar [[r.SceneColorFringeQuality:1]]
[2020.10.31-00.52.09:707][  0]LogConfig: Setting CVar [[r.EyeAdaptationQuality:2]]
[2020.10.31-00.52.09:707][  0]LogConfig: Setting CVar [[r.BloomQuality:5]]
[2020.10.31-00.52.09:707][  0]LogConfig: Setting CVar [[r.FastBlurThreshold:100]]
[2020.10.31-00.52.09:707][  0]LogConfig: Setting CVar [[r.Upscale.Quality:3]]
[2020.10.31-00.52.09:707][  0]LogConfig: Setting CVar [[r.Tonemapper.GrainQuantization:1]]
[2020.10.31-00.52.09:707][  0]LogConfig: Setting CVar [[r.LightShaftQuality:1]]
[2020.10.31-00.52.09:707][  0]LogConfig: Setting CVar [[r.Filter.SizeScale:1]]
[2020.10.31-00.52.09:707][  0]LogConfig: Setting CVar [[r.Tonemapper.Quality:5]]
[2020.10.31-00.52.09:707][  0]LogConfig: Setting CVar [[r.DOF.Gather.AccumulatorQuality:1        ; higher gathering accumulator quality]]
[2020.10.31-00.52.09:707][  0]LogConfig: Setting CVar [[r.DOF.Gather.PostfilterMethod:1          ; Median3x3 postfilering method]]
[2020.10.31-00.52.09:707][  0]LogConfig: Setting CVar [[r.DOF.Gather.EnableBokehSettings:0       ; no bokeh simulation when gathering]]
[2020.10.31-00.52.09:707][  0]LogConfig: Setting CVar [[r.DOF.Gather.RingCount:4                 ; medium number of samples when gathering]]
[2020.10.31-00.52.09:707][  0]LogConfig: Setting CVar [[r.DOF.Scatter.ForegroundCompositing:1    ; additive foreground scattering]]
[2020.10.31-00.52.09:707][  0]LogConfig: Setting CVar [[r.DOF.Scatter.BackgroundCompositing:2    ; additive background scattering]]
[2020.10.31-00.52.09:707][  0]LogConfig: Setting CVar [[r.DOF.Scatter.EnableBokehSettings:1      ; bokeh simulation when scattering]]
[2020.10.31-00.52.09:707][  0]LogConfig: Setting CVar [[r.DOF.Scatter.MaxSpriteRatio:0.1         ; only a maximum of 10% of scattered bokeh]]
[2020.10.31-00.52.09:707][  0]LogConfig: Setting CVar [[r.DOF.Recombine.Quality:1                ; cheap slight out of focus]]
[2020.10.31-00.52.09:707][  0]LogConfig: Setting CVar [[r.DOF.Recombine.EnableBokehSettings:0    ; no bokeh simulation on slight out of focus]]
[2020.10.31-00.52.09:707][  0]LogConfig: Setting CVar [[r.DOF.TemporalAAQuality:1                ; more stable temporal accumulation]]
[2020.10.31-00.52.09:707][  0]LogConfig: Setting CVar [[r.DOF.Kernel.MaxForegroundRadius:0.025]]
[2020.10.31-00.52.09:707][  0]LogConfig: Setting CVar [[r.DOF.Kernel.MaxBackgroundRadius:0.025]]
[2020.10.31-00.52.09:707][  0]LogConfig: Applying CVar settings from Section [TextureQuality@3] File [C:/Users/felld/Documents/Unreal Projects/SteamProject 4.25/Saved/Config/Windows/Scalability.ini]
[2020.10.31-00.52.09:707][  0]LogConfig: Setting CVar [[r.Streaming.MipBias:0]]
[2020.10.31-00.52.09:707][  0]LogConfig: Setting CVar [[r.Streaming.AmortizeCPUToGPUCopy:0]]
[2020.10.31-00.52.09:707][  0]LogConfig: Setting CVar [[r.Streaming.MaxNumTexturesToStreamPerFrame:0]]
[2020.10.31-00.52.09:707][  0]LogConfig: Setting CVar [[r.Streaming.Boost:1]]
[2020.10.31-00.52.09:707][  0]LogConfig: Setting CVar [[r.MaxAnisotropy:8]]
[2020.10.31-00.52.09:707][  0]LogConfig: Setting CVar [[r.VT.MaxAnisotropy:8]]
[2020.10.31-00.52.09:707][  0]LogConfig: Setting CVar [[r.Streaming.LimitPoolSizeToVRAM:0]]
[2020.10.31-00.52.09:707][  0]LogConfig: Setting CVar [[r.Streaming.PoolSize:1000]]
[2020.10.31-00.52.09:707][  0]LogConfig: Setting CVar [[r.Streaming.MaxEffectiveScreenSize:0]]
[2020.10.31-00.52.09:707][  0]LogConfig: Applying CVar settings from Section [EffectsQuality@3] File [C:/Users/felld/Documents/Unreal Projects/SteamProject 4.25/Saved/Config/Windows/Scalability.ini]
[2020.10.31-00.52.09:707][  0]LogConfig: Setting CVar [[r.TranslucencyLightingVolumeDim:64]]
[2020.10.31-00.52.09:707][  0]LogConfig: Setting CVar [[r.RefractionQuality:2]]
[2020.10.31-00.52.09:707][  0]LogConfig: Setting CVar [[r.SSR.Quality:3]]
[2020.10.31-00.52.09:707][  0]LogConfig: Setting CVar [[r.SSR.HalfResSceneColor:0]]
[2020.10.31-00.52.09:707][  0]LogConfig: Setting CVar [[r.SceneColorFormat:4]]
[2020.10.31-00.52.09:707][  0]LogConfig: Setting CVar [[r.DetailMode:2]]
[2020.10.31-00.52.09:707][  0]LogConfig: Setting CVar [[r.TranslucencyVolumeBlur:1]]
[2020.10.31-00.52.09:707][  0]LogConfig: Setting CVar [[r.MaterialQualityLevel:1 ; High quality]]
[2020.10.31-00.52.09:707][  0]LogConfig: Setting CVar [[r.SSS.Scale:1]]
[2020.10.31-00.52.09:707][  0]LogConfig: Setting CVar [[r.SSS.SampleSet:2]]
[2020.10.31-00.52.09:708][  0]LogConfig: Setting CVar [[r.SSS.Quality:1]]
[2020.10.31-00.52.09:708][  0]LogConfig: Setting CVar [[r.SSS.HalfRes:0]]
[2020.10.31-00.52.09:708][  0]LogConfig: Setting CVar [[r.SSGI.Quality:3]]
[2020.10.31-00.52.09:708][  0]LogConfig: Setting CVar [[r.EmitterSpawnRateScale:1.0]]
[2020.10.31-00.52.09:708][  0]LogConfig: Setting CVar [[r.ParticleLightQuality:2]]
[2020.10.31-00.52.09:708][  0]LogConfig: Setting CVar [[r.SkyAtmosphere.AerialPerspectiveLUT.FastApplyOnOpaque:1 ; Always have FastSkyLUT 1 in this case to avoid wrong sky]]
[2020.10.31-00.52.09:708][  0]LogConfig: Setting CVar [[r.SkyAtmosphere.AerialPerspectiveLUT.SampleCountPerSlice:1]]
[2020.10.31-00.52.09:708][  0]LogConfig: Setting CVar [[r.SkyAtmosphere.AerialPerspectiveLUT.DepthResolution:16.0]]
[2020.10.31-00.52.09:708][  0]LogConfig: Setting CVar [[r.SkyAtmosphere.FastSkyLUT:1]]
[2020.10.31-00.52.09:708][  0]LogConfig: Setting CVar [[r.SkyAtmosphere.FastSkyLUT.SampleCountMin:4.0]]
[2020.10.31-00.52.09:708][  0]LogConfig: Setting CVar [[r.SkyAtmosphere.FastSkyLUT.SampleCountMax:32.0]]
[2020.10.31-00.52.09:708][  0]LogConfig: Setting CVar [[r.SkyAtmosphere.SampleCountMin:4.0]]
[2020.10.31-00.52.09:708][  0]LogConfig: Setting CVar [[r.SkyAtmosphere.SampleCountMax:32.0]]
[2020.10.31-00.52.09:708][  0]LogConfig: Setting CVar [[r.SkyAtmosphere.TransmittanceLUT.UseSmallFormat:0]]
[2020.10.31-00.52.09:708][  0]LogConfig: Setting CVar [[r.SkyAtmosphere.TransmittanceLUT.SampleCount:10.0]]
[2020.10.31-00.52.09:708][  0]LogConfig: Setting CVar [[r.SkyAtmosphere.MultiScatteringLUT.SampleCount:15.0]]
[2020.10.31-00.52.09:708][  0]LogConfig: Applying CVar settings from Section [FoliageQuality@3] File [C:/Users/felld/Documents/Unreal Projects/SteamProject 4.25/Saved/Config/Windows/Scalability.ini]
[2020.10.31-00.52.09:708][  0]LogConfig: Setting CVar [[foliage.DensityScale:1.0]]
[2020.10.31-00.52.09:708][  0]LogConfig: Setting CVar [[grass.DensityScale:1.0]]
[2020.10.31-00.52.09:708][  0]LogConfig: Applying CVar settings from Section [ShadingQuality@3] File [C:/Users/felld/Documents/Unreal Projects/SteamProject 4.25/Saved/Config/Windows/Scalability.ini]
[2020.10.31-00.52.09:708][  0]LogConfig: Setting CVar [[r.HairStrands.SkyLighting.SampleCount:16]]
[2020.10.31-00.52.09:708][  0]LogConfig: Setting CVar [[r.HairStrands.SkyLighting.JitterIntegration:0]]
[2020.10.31-00.52.09:708][  0]LogConfig: Setting CVar [[r.HairStrands.SkyAO.SampleCount:16]]
[2020.10.31-00.52.09:708][  0]LogConfig: Setting CVar [[r.HairStrands.DeepShadow.SuperSampling:0]]
[2020.10.31-00.52.09:708][  0]LogConfig: Setting CVar [[r.HairStrands.VisibilityPPLL:0]]
[2020.10.31-00.52.09:708][  0]LogConfig: Setting CVar [[r.HairStrands.RasterizationScale:0.5]]
[2020.10.31-00.52.09:708][  0]LogConfig: Setting CVar [[r.HairStrands.VelocityRasterizationScale:1]]
[2020.10.31-00.52.09:708][  0]LogConfig: Applying CVar settings from Section [Startup] File [../../../Engine/Config/ConsoleVariables.ini]
[2020.10.31-00.52.09:708][  0]LogConfig: Setting CVar [[net.UseAdaptiveNetUpdateFrequency:0]]
[2020.10.31-00.52.09:708][  0]LogConfig: Setting CVar [[p.chaos.AllowCreatePhysxBodies:1]]
[2020.10.31-00.52.09:708][  0]LogConfig: Setting CVar [[fx.SkipVectorVMBackendOptimizations:1]]
[2020.10.31-00.52.09:708][  0]LogConfig: Applying CVar settings from Section [ConsoleVariables] File [C:/Users/felld/Documents/Unreal Projects/SteamProject 4.25/Saved/Config/Windows/Engine.ini]
[2020.10.31-00.52.09:708][  0]LogInit: Computer: DESKTOP-4R3MID4
[2020.10.31-00.52.09:708][  0]LogInit: User: felld
[2020.10.31-00.52.09:708][  0]LogInit: CPU Page size=4096, Cores=4
[2020.10.31-00.52.09:708][  0]LogInit: High frequency timer resolution =10.000000 MHz
[2020.10.31-00.52.09:709][  0]LogMemory: Memory total: Physical=15.9GB (16GB approx)
[2020.10.31-00.52.09:709][  0]LogMemory: Platform Memory Stats for Windows
[2020.10.31-00.52.09:709][  0]LogMemory: Process Physical Memory: 114.23 MB used, 114.23 MB peak
[2020.10.31-00.52.09:709][  0]LogMemory: Process Virtual Memory: 95.29 MB used, 95.29 MB peak
[2020.10.31-00.52.09:709][  0]LogMemory: Physical Memory: 7385.17 MB used,  8928.43 MB free, 16313.60 MB total
[2020.10.31-00.52.09:709][  0]LogMemory: Virtual Memory: 5128.46 MB used,  134212600.00 MB free, 134217728.00 MB total
[2020.10.31-00.52.09:716][  0]LogWindows: WindowsPlatformFeatures enabled
[2020.10.31-00.52.09:790][  0]LogInit: Physics initialised using underlying interface: PhysX
[2020.10.31-00.52.09:791][  0]LogInit: Using OS detected language (en-GB).
[2020.10.31-00.52.09:791][  0]LogInit: Using OS detected locale (en-GB).
[2020.10.31-00.52.09:795][  0]LogTextLocalizationManager: No specific localization for 'en-GB' exists, so the 'en' localization will be used.
[2020.10.31-00.52.10:084][  0]LogInit: Setting process to per monitor DPI aware
[2020.10.31-00.52.10:125][  0]LogSlate: New Slate User Created.  User Index 0, Is Virtual User: 0
[2020.10.31-00.52.10:125][  0]LogSlate: Slate User Registered.  User Index 0, Is Virtual User: 0
[2020.10.31-00.52.10:292][  0]LogHMD: Failed to initialize OpenVR with code 110
[2020.10.31-00.52.10:292][  0]LogD3D11RHI: D3D11 min allowed feature level: 11_0
[2020.10.31-00.52.10:292][  0]LogD3D11RHI: D3D11 max allowed feature level: 11_0
[2020.10.31-00.52.10:292][  0]LogD3D11RHI: D3D11 adapters:
[2020.10.31-00.52.10:390][  0]LogD3D11RHI:    0. 'NVIDIA GeForce GTX 970' (Feature Level 11_0)
[2020.10.31-00.52.10:390][  0]LogD3D11RHI:       4043/0/8156 MB DedicatedVideo/DedicatedSystem/SharedSystem, Outputs:2, VendorId:0x10de
[2020.10.31-00.52.10:394][  0]LogD3D11RHI:    1. 'Microsoft Basic Render Driver' (Feature Level 11_0)
[2020.10.31-00.52.10:394][  0]LogD3D11RHI:       0/0/8156 MB DedicatedVideo/DedicatedSystem/SharedSystem, Outputs:0, VendorId:0x1414
[2020.10.31-00.52.10:394][  0]LogD3D11RHI: Chosen D3D11 Adapter: 0
[2020.10.31-00.52.10:401][  0]LogD3D11RHI: Creating new Direct3DDevice
[2020.10.31-00.52.10:402][  0]LogD3D11RHI:     GPU DeviceId: 0x13c2 (for the marketing name, search the web for "GPU Device Id")
[2020.10.31-00.52.10:402][  0]LogWindows: EnumDisplayDevices:
[2020.10.31-00.52.10:402][  0]LogWindows:    0. 'NVIDIA GeForce GTX 970' (P:1 D:1)
[2020.10.31-00.52.10:402][  0]LogWindows:    1. 'NVIDIA GeForce GTX 970' (P:0 D:1)
[2020.10.31-00.52.10:403][  0]LogWindows:    2. 'NVIDIA GeForce GTX 970' (P:0 D:0)
[2020.10.31-00.52.10:403][  0]LogWindows:    3. 'NVIDIA GeForce GTX 970' (P:0 D:0)
[2020.10.31-00.52.10:403][  0]LogWindows: DebugString: FoundDriverCount:4 
[2020.10.31-00.52.10:403][  0]LogD3D11RHI:     Adapter Name: NVIDIA GeForce GTX 970
[2020.10.31-00.52.10:403][  0]LogD3D11RHI:   Driver Version: 456.71 (internal:27.21.14.5671, unified:456.71)
[2020.10.31-00.52.10:403][  0]LogD3D11RHI:      Driver Date: 9-30-2020
[2020.10.31-00.52.10:403][  0]LogRHI: Texture pool is 2830 MB (70% of 4043 MB)
[2020.10.31-00.52.10:505][  0]LogD3D11RHI: RHI has support for 64 bit atomics
[2020.10.31-00.52.10:506][  0]LogD3D11RHI: Async texture creation enabled
[2020.10.31-00.52.10:506][  0]LogD3D11RHI: Array index from any shader is supported
[2020.10.31-00.52.10:527][  0]LogD3D11RHI: GPU Timing Frequency: 1000.000000 (Debug: 2 1)
[2020.10.31-00.52.11:242][  0]LogTargetPlatformManager: Display: Loaded TargetPlatform 'AllDesktop'
[2020.10.31-00.52.11:274][  0]LogTargetPlatformManager: Display: Loaded TargetPlatform 'Android'
[2020.10.31-00.52.11:274][  0]LogTargetPlatformManager: Display: Loaded TargetPlatform 'Android_ASTC'
[2020.10.31-00.52.11:274][  0]LogTargetPlatformManager: Display: Loaded TargetPlatform 'Android_DXT'
[2020.10.31-00.52.11:274][  0]LogTargetPlatformManager: Display: Loaded TargetPlatform 'Android_ETC2'
[2020.10.31-00.52.11:274][  0]LogTargetPlatformManager: Display: Loaded TargetPlatform 'AndroidClient'
[2020.10.31-00.52.11:274][  0]LogTargetPlatformManager: Display: Loaded TargetPlatform 'Android_ASTCClient'
[2020.10.31-00.52.11:274][  0]LogTargetPlatformManager: Display: Loaded TargetPlatform 'Android_DXTClient'
[2020.10.31-00.52.11:274][  0]LogTargetPlatformManager: Display: Loaded TargetPlatform 'Android_ETC2Client'
[2020.10.31-00.52.11:274][  0]LogTargetPlatformManager: Display: Loaded TargetPlatform 'Android_Multi'
[2020.10.31-00.52.11:274][  0]LogTargetPlatformManager: Display: Loaded TargetPlatform 'Android_MultiClient'
[2020.10.31-00.52.11:306][  0]LogTargetPlatformManager: Display: Loaded TargetPlatform 'IOSClient'
[2020.10.31-00.52.11:306][  0]LogTargetPlatformManager: Display: Loaded TargetPlatform 'IOS'
[2020.10.31-00.52.11:320][  0]LogTargetPlatformManager: Display: Loaded TargetPlatform 'Linux'
[2020.10.31-00.52.11:333][  0]LogTargetPlatformManager: Display: Loaded TargetPlatform 'LinuxNoEditor'
[2020.10.31-00.52.11:346][  0]LogTargetPlatformManager: Display: Loaded TargetPlatform 'LinuxClient'
[2020.10.31-00.52.11:359][  0]LogTargetPlatformManager: Display: Loaded TargetPlatform 'LinuxServer'
[2020.10.31-00.52.11:372][  0]LogTargetPlatformManager: Display: Loaded TargetPlatform 'LinuxAArch64NoEditor'
[2020.10.31-00.52.11:385][  0]LogTargetPlatformManager: Display: Loaded TargetPlatform 'LinuxAArch64Client'
[2020.10.31-00.52.11:397][  0]LogTargetPlatformManager: Display: Loaded TargetPlatform 'LinuxAArch64Server'
[2020.10.31-00.52.11:434][  0]LogTargetPlatformManager: Display: Loaded TargetPlatform 'Lumin'
[2020.10.31-00.52.11:434][  0]LogTargetPlatformManager: Display: Loaded TargetPlatform 'LuminClient'
[2020.10.31-00.52.11:456][  0]LogTargetPlatformManager: Display: Loaded TargetPlatform 'TVOSClient'
[2020.10.31-00.52.11:456][  0]LogTargetPlatformManager: Display: Loaded TargetPlatform 'TVOS'
[2020.10.31-00.52.11:469][  0]LogTargetPlatformManager: Display: Loaded TargetPlatform 'WindowsNoEditor'
[2020.10.31-00.52.11:482][  0]LogTargetPlatformManager: Display: Loaded TargetPlatform 'Windows'
[2020.10.31-00.52.11:496][  0]LogTargetPlatformManager: Display: Loaded TargetPlatform 'WindowsClient'
[2020.10.31-00.52.11:508][  0]LogTargetPlatformManager: Display: Loaded TargetPlatform 'WindowsServer'
[2020.10.31-00.52.11:508][  0]LogTargetPlatformManager: Display: Building Assets For Windows
[2020.10.31-00.52.11:520][  0]LogAudioDebug: Display: Lib vorbis DLL was dynamically loaded.
[2020.10.31-00.52.11:620][  0]LogShaderCompilers: Guid format shader working directory is -28 characters bigger than the processId version (../../../../../../Users/felld/Documents/Unreal Projects/SteamProject 4.25/Intermediate/Shaders/WorkingDirectory/10196/).
[2020.10.31-00.52.11:620][  0]LogShaderCompilers: Cleaned the shader compiler working directory 'C:/Users/felld/AppData/Local/Temp/UnrealShaderWorkingDir/FDDFE10C4C60FA7971A2F0ACA581DCB3/'.
[2020.10.31-00.52.11:621][  0]LogXGEController: Cannot use XGE Controller as Incredibuild is not installed on this machine.
[2020.10.31-00.52.11:621][  0]LogShaderCompilers: Cannot use XGE Shader Compiler as Incredibuild is not installed on this machine.
[2020.10.31-00.52.11:621][  0]LogShaderCompilers: Display: Using Local Shader Compiler.
[2020.10.31-00.52.12:607][  0]LogDerivedDataCache: Display: Max Cache Size: 512 MB
[2020.10.31-00.52.12:681][  0]LogDerivedDataCache: Loaded boot cache 0.07s 75MB C:/Users/felld/AppData/Local/UnrealEngine/4.25/DerivedDataCache/Boot.ddc.
[2020.10.31-00.52.12:681][  0]LogDerivedDataCache: Display: Loaded Boot cache: C:/Users/felld/AppData/Local/UnrealEngine/4.25/DerivedDataCache/Boot.ddc
[2020.10.31-00.52.12:681][  0]LogDerivedDataCache: FDerivedDataBackendGraph:  Pak pak cache file ../../../../../../Users/felld/Documents/Unreal Projects/SteamProject 4.25/DerivedDataCache/DDC.ddp not found, will not use a pak cache.
[2020.10.31-00.52.12:681][  0]LogDerivedDataCache: Unable to find inner node Pak for hierarchical cache Hierarchy.
[2020.10.31-00.52.12:681][  0]LogDerivedDataCache: FDerivedDataBackendGraph:  CompressedPak pak cache file ../../../../../../Users/felld/Documents/Unreal Projects/SteamProject 4.25/DerivedDataCache/Compressed.ddp not found, will not use a pak cache.
[2020.10.31-00.52.12:681][  0]LogDerivedDataCache: Unable to find inner node CompressedPak for hierarchical cache Hierarchy.
[2020.10.31-00.52.12:695][  0]LogDerivedDataCache: Display: Pak cache opened for reading ../../../Engine/DerivedDataCache/Compressed.ddp.
[2020.10.31-00.52.12:695][  0]LogDerivedDataCache: FDerivedDataBackendGraph:  EnterprisePak pak cache file ../../../Enterprise/DerivedDataCache/Compressed.ddp not found, will not use a pak cache.
[2020.10.31-00.52.12:695][  0]LogDerivedDataCache: Unable to find inner node EnterprisePak for hierarchical cache Hierarchy.
[2020.10.31-00.52.12:696][  0]LogDerivedDataCache: Using Local data cache path C:/Users/felld/AppData/Local/UnrealEngine/Common/DerivedDataCache: Writable
[2020.10.31-00.52.12:696][  0]LogDerivedDataCache: Shared data cache path not found in *engine.ini, will not use an Shared cache.
[2020.10.31-00.52.12:696][  0]LogDerivedDataCache: Unable to find inner node Shared for hierarchical cache Hierarchy.
[2020.10.31-00.52.12:764][  0]LogSlate: Using FreeType 2.10.0
[2020.10.31-00.52.12:765][  0]LogSlate: SlateFontServices - WITH_FREETYPE: 1, WITH_HARFBUZZ: 1
[2020.10.31-00.52.12:802][  0]LogAssetRegistry: FAssetRegistry took 0.0035 seconds to start up
[2020.10.31-00.52.13:094][  0]LogInit: Selected Device Profile: [Windows]
[2020.10.31-00.52.13:244][  0]LogMeshReduction: Using QuadricMeshReduction for automatic static mesh reduction
[2020.10.31-00.52.13:244][  0]LogMeshReduction: Using SimplygonMeshReduction for automatic skeletal mesh reduction
[2020.10.31-00.52.13:244][  0]LogMeshReduction: Using ProxyLODMeshReduction for automatic mesh merging
[2020.10.31-00.52.13:244][  0]LogMeshReduction: No distributed automatic mesh merging module available
[2020.10.31-00.52.13:244][  0]LogMeshMerging: No distributed automatic mesh merging module available
[2020.10.31-00.52.13:267][  0]LogNetVersion: SteamProject 1.0.0, NetCL: 13144385, EngineNetVer: 14, GameNetVer: 0 (Checksum: 2999612733)
[2020.10.31-00.52.13:854][  0]LogAISub: UAISubsystem::UAISubsystem AISubsystem (00000208F024DBC0), frame # 0
[2020.10.31-00.52.13:854][  0]LogAISub: UAISubsystem::UAISubsystem AIPerceptionSystem (00000208F01A5E40), frame # 0
[2020.10.31-00.52.13:856][  0]LogAISub: UAISubsystem::UAISubsystem EnvQueryManager (00000208F0218800), frame # 0
[2020.10.31-00.52.13:933][  0]LogPackageLocalizationCache: Processed 19 localized package path(s) for 1 prioritized culture(s) in 0.067657 seconds
[2020.10.31-00.52.13:939][  0]LogUObjectArray: 15917 objects as part of root set at end of initial load.
[2020.10.31-00.52.13:939][  0]LogUObjectAllocator: 3965568 out of 0 bytes used by permanent object pool.
[2020.10.31-00.52.13:939][  0]LogUObjectArray: CloseDisregardForGC: 0/0 objects in disregard for GC pool
[2020.10.31-00.52.14:405][  0]LogTcpMessaging: Initializing TcpMessaging bridge
[2020.10.31-00.52.14:411][  0]LogUdpMessaging: Initializing bridge on interface 0.0.0.0:0 to multicast group 230.0.0.1:6666.
[2020.10.31-00.52.14:518][  0]SourceControl: Source control is disabled
[2020.10.31-00.52.14:519][  0]SourceControl: Source control is disabled
[2020.10.31-00.52.14:523][  0]SourceControl: Source control is disabled
[2020.10.31-00.52.14:529][  0]SourceControl: Source control is disabled
[2020.10.31-00.52.14:540][  0]SourceControl: Source control is disabled
[2020.10.31-00.52.14:880][  0]LogAndroidPermission: UAndroidPermissionCallbackProxy::GetInstance
[2020.10.31-00.52.14:909][  0]LogAudioCaptureCore: Display: No Audio Capture implementations found. Audio input will be silent.
[2020.10.31-00.52.14:910][  0]LogAudioCaptureCore: Display: No Audio Capture implementations found. Audio input will be silent.
[2020.10.31-00.52.14:979][  0]LogOcInput: OculusInput pre-init called
[2020.10.31-00.52.14:995][  0]LogWindows: Failed to load 'OVRPlugin.dll' (GetLastError=126)
[2020.10.31-00.52.14:995][  0]LogWindows: File 'OVRPlugin.dll' does not exist
[2020.10.31-00.52.15:076][  0]LogEngine: Initializing Engine...
[2020.10.31-00.52.15:077][  0]LogHMD: Failed to initialize OpenVR with code 110
[2020.10.31-00.52.15:077][  0]LogMagicLeap: Warning: VR disabled because ZI is not enabled.  To enable, in the editor, Edit -> Project Settings -> Plugins -> Magic Leap Plugin -> Enable Zero Iteration
[2020.10.31-00.52.15:078][  0]LogStats: UGameplayTagsManager::InitializeManager -  0.000 s
[2020.10.31-00.52.15:240][  0]LogInit: Initializing FReadOnlyCVARCache
[2020.10.31-00.52.15:249][  0]LogAIModule: Creating AISystem for world Untitled
[2020.10.31-00.52.15:249][  0]LogAISub: UAISubsystem::UAISubsystem EnvQueryManager (00000208F5535C00), frame # 0
[2020.10.31-00.52.15:249][  0]LogAISub: UAISubsystem::UAISubsystem AIPerceptionSystem (00000208F5556D40), frame # 0
[2020.10.31-00.52.15:279][  0]LogAudioMixer: Display: Audio Mixer Platform Settings:
[2020.10.31-00.52.15:279][  0]LogAudioMixer: Display: 	Sample Rate:						  48000
[2020.10.31-00.52.15:279][  0]LogAudioMixer: Display: 	Callback Buffer Frame Size Requested: 1024
[2020.10.31-00.52.15:279][  0]LogAudioMixer: Display: 	Callback Buffer Frame Size To Use:	  1024
[2020.10.31-00.52.15:279][  0]LogAudioMixer: Display: 	Number of buffers to queue:			  2
[2020.10.31-00.52.15:279][  0]LogAudioMixer: Display: 	Max Channels (voices):				  32
[2020.10.31-00.52.15:279][  0]LogAudioMixer: Display: 	Number of Async Source Workers:		  0
[2020.10.31-00.52.15:279][  0]LogAudio: Display: AudioDevice MaxSources: 32
[2020.10.31-00.52.15:279][  0]LogAudio: Display: Using built-in audio occlusion.
[2020.10.31-00.52.15:279][  0]LogAudioMixer: Display: Initializing audio mixer.
[2020.10.31-00.52.15:307][  0]LogAudioMixer: Display: 0: FrontLeft
[2020.10.31-00.52.15:307][  0]LogAudioMixer: Display: 1: FrontRight
[2020.10.31-00.52.15:458][  0]LogAudioMixer: Display: Using Audio Device Headset Earphone (Razer Kraken 7.1 V2)
[2020.10.31-00.52.15:463][  0]LogAudioMixer: Display: Initializing Sound Submixes...
[2020.10.31-00.52.15:465][  0]LogAudioMixer: Display: Creating Master Submix 'MasterSubmixDefault'
[2020.10.31-00.52.15:466][  0]LogAudioMixer: Display: Creating Master Submix 'MasterReverbSubmixDefault'
[2020.10.31-00.52.15:467][  0]LogAudioMixer: Display: Creating Master Submix 'MasterEQSubmixDefault'
[2020.10.31-00.52.15:468][  0]LogInit: FAudioDevice initialized.
[2020.10.31-00.52.15:468][  0]LogNetVersion: Set ProjectVersion to 1.0.0.0. Version Checksum will be recalculated on next use.
[2020.10.31-00.52.15:564][  0]LogDerivedDataCache: Saved boot cache 0.09s 75MB C:/Users/felld/AppData/Local/UnrealEngine/4.25/DerivedDataCache/Boot.ddc.
[2020.10.31-00.52.15:570][  0]LogInit: Texture streaming: Enabled
[2020.10.31-00.52.15:591][  0]LogEngineSessionManager: EngineSessionManager initialized
[2020.10.31-00.52.15:591][  0]LogEditorSessionSummary: Verbose: Initializing EditorSessionSummaryWriter for editor session tracking
[2020.10.31-00.52.15:595][  0]LogEditorSessionSummary: EditorSessionSummaryWriter initialized
[2020.10.31-00.52.15:673][  0]LogInit: Transaction tracking system initialized
[2020.10.31-00.52.15:705][  0]BlueprintLog: New page: Editor Load
[2020.10.31-00.52.15:805][  0]LocalizationService: Localization service is disabled
[2020.10.31-00.52.16:021][  0]LogCook: Display: Max memory allowance for cook 16384mb min free memory 0mb
[2020.10.31-00.52.16:021][  0]LogCook: Display: Mobile HDR setting 1
[2020.10.31-00.52.16:193][  0]LogFileCache: Scanning file cache for directory 'C:/Users/felld/Documents/Unreal Projects/SteamProject 4.25/Content/' took 0.01s
[2020.10.31-00.52.16:489][  0]SourceControl: Source control is disabled
[2020.10.31-00.52.16:489][  0]LogUnrealEdMisc: Loading editor; pre map load, took 8.930
[2020.10.31-00.52.16:489][  0]Cmd: MAP LOAD FILE="../../../../../../Users/felld/Documents/Unreal Projects/SteamProject 4.25/Content/Maps/MainMenu.umap" TEMPLATE=0 SHOWPROGRESS=1 FEATURELEVEL=3
[2020.10.31-00.52.16:490][  0]LightingResults: New page: Lighting Build
[2020.10.31-00.52.16:490][  0]LogWorld: UWorld::CleanupWorld for Untitled, bSessionEnded=true, bCleanupResources=true
[2020.10.31-00.52.16:491][  0]LogSlate: InvalidateAllWidgets triggered.  All widgets were invalidated
[2020.10.31-00.52.16:491][  0]MapCheck: New page: Map Check
[2020.10.31-00.52.16:491][  0]LightingResults: New page: Lighting Build
[2020.10.31-00.52.16:500][  0]LogAISub: UAISubsystem::~UAISubsystem EnvQueryManager (00000208F5535C00), frame # 0
[2020.10.31-00.52.16:500][  0]LogAISub: UAISubsystem::~UAISubsystem AIPerceptionSystem (00000208F5556D40), frame # 0
[2020.10.31-00.52.16:501][  0]LogUObjectHash: Compacting FUObjectHashTables data took   0.77ms
[2020.10.31-00.52.16:655][  0]LogAIModule: Creating AISystem for world MainMenu
[2020.10.31-00.52.16:655][  0]LogAISub: UAISubsystem::UAISubsystem EnvQueryManager (0000020887374600), frame # 0
[2020.10.31-00.52.16:655][  0]LogAISub: UAISubsystem::UAISubsystem AIPerceptionSystem (00000208878887C0), frame # 0
[2020.10.31-00.52.16:655][  0]LogEditorServer: Finished looking for orphan Actors (0.000 secs)
[2020.10.31-00.52.16:674][  0]LogUObjectHash: Compacting FUObjectHashTables data took   1.28ms
[2020.10.31-00.52.16:674][  0]Cmd: MAP CHECKDEP NOCLEARLOG
[2020.10.31-00.52.16:675][  0]MapCheck: Map check complete: 0 Error(s), 0 Warning(s), took 0.278ms to complete.
[2020.10.31-00.52.16:675][  0]LogFileHelpers: Loading map 'MainMenu' took 0.186
[2020.10.31-00.52.16:677][  0]LogUnrealEdMisc: Total Editor Startup Time, took 9.118
[2020.10.31-00.52.16:833][  0]LogSlate: Updating window title bar state: overlay mode, drag disabled, window buttons hidden, title bar hidden
[2020.10.31-00.52.16:842][  0]LogSlate: Updating window title bar state: overlay mode, drag disabled, window buttons hidden, title bar hidden
[2020.10.31-00.52.16:852][  0]LogSlate: Updating window title bar state: overlay mode, drag disabled, window buttons hidden, title bar hidden
[2020.10.31-00.52.16:861][  0]LogSlate: Updating window title bar state: overlay mode, drag disabled, window buttons hidden, title bar hidden
[2020.10.31-00.52.16:869][  0]LogCollectionManager: Loaded 0 collections in 0.001110 seconds
[2020.10.31-00.52.16:887][  0]LogFileCache: Scanning file cache for directory 'C:/Users/felld/Documents/Unreal Projects/SteamProject 4.25/Saved/Collections/' took 0.00s
[2020.10.31-00.52.16:887][  0]LogFileCache: Scanning file cache for directory 'C:/Users/felld/Documents/Unreal Projects/SteamProject 4.25/Content/Developers/felld/Collections/' took 0.00s
[2020.10.31-00.52.16:887][  0]LogFileCache: Scanning file cache for directory 'C:/Users/felld/Documents/Unreal Projects/SteamProject 4.25/Content/Collections/' took 0.00s
[2020.10.31-00.52.16:887][  0]LogContentBrowser: Native class hierarchy populated in 0.0110 seconds. Added 3427 classes and 821 folders.
[2020.10.31-00.52.16:893][  0]LogContentBrowser: Native class hierarchy updated for 'WidgetCarousel' in 0.0003 seconds. Added 0 classes and 0 folders.
[2020.10.31-00.52.16:960][  0]LogContentBrowser: Native class hierarchy updated for 'AddContentDialog' in 0.0004 seconds. Added 0 classes and 0 folders.
[2020.10.31-00.52.16:965][  0]LogContentBrowser: Native class hierarchy updated for 'SceneOutliner' in 0.0003 seconds. Added 2 classes and 0 folders.
[2020.10.31-00.52.17:075][  0]LogSlate: Took 0.000191 seconds to synchronously load lazily loaded font '../../../Engine/Content/Slate/Fonts/Roboto-Regular.ttf' (155K)
[2020.10.31-00.52.17:077][  0]LogSlate: Took 0.000179 seconds to synchronously load lazily loaded font '../../../Engine/Content/Slate/Fonts/Roboto-Bold.ttf' (160K)
[2020.10.31-00.52.17:082][  0]LogSlate: Took 0.000183 seconds to synchronously load lazily loaded font '../../../Engine/Content/Editor/Slate/Fonts/FontAwesome.ttf' (139K)
[2020.10.31-00.52.17:173][  0]LogRenderer: Reallocating scene render targets to support 1208x572 Format 10 NumSamples 1 (Frame:1).
[2020.10.31-00.52.17:345][  0]LogContentBrowser: Native class hierarchy updated for 'HierarchicalLODOutliner' in 0.0004 seconds. Added 0 classes and 0 folders.
[2020.10.31-00.52.17:345][  0]LogLoad: (Engine Initialization) Total time: 9.79 seconds
[2020.10.31-00.52.17:345][  0]LogLoad: (Engine Initialization) Total Blueprint compile time: 0.00 seconds
[2020.10.31-00.52.17:397][  0]LogAssetRegistry: Asset discovery search completed in 4.5972 seconds
[2020.10.31-00.52.17:404][  0]LogCollectionManager: Fixed up redirectors for 0 collections in 0.000003 seconds (updated 0 objects)
[2020.10.31-00.52.17:405][  0]LogContentStreaming: Texture pool size now 1000 MB
[2020.10.31-00.52.17:457][  0]LogSlate: Took 0.000107 seconds to synchronously load lazily loaded font '../../../Engine/Content/Slate/Fonts/Roboto-Light.ttf' (167K)
[2020.10.31-00.53.24:395][420]LogUObjectHash: Compacting FUObjectHashTables data took   0.69ms
[2020.10.31-00.53.25:459][486]LogTemp: Repeating last play command: Standalone Game
[2020.10.31-00.53.25:502][486]LogUObjectHash: Compacting FUObjectHashTables data took   0.39ms
[2020.10.31-00.55.06:068][228]LogTemp: Repeating last play command: Standalone Game
[2020.10.31-00.55.06:098][228]LogUObjectHash: Compacting FUObjectHashTables data took   0.40ms
[2020.10.31-00.56.22:503][221]LogUObjectHash: Compacting FUObjectHashTables data took   0.88ms
[2020.10.31-00.56.22:509][221]LogPlayLevel: Launcher Device ID: WindowsNoEditor@DESKTOP-4R3MID4
[2020.10.31-00.56.22:516][221]LogPlayLevel: PlayLevel: No blueprints needed recompiling
[2020.10.31-00.56.22:518][221]LogCook: Display: Creating asset registry
[2020.10.31-00.56.22:526][221]LogSlate: Took 0.000167 seconds to synchronously load lazily loaded font '../../../Engine/Content/Slate/Fonts/Roboto-Light.ttf' (167K)
[2020.10.31-00.56.22:575][221]LogCook: Display: Discovering localized assets for cultures: en
[2020.10.31-00.56.22:579][221]LogCook: Display: Unable to read previous cook inisettings for platform WindowsNoEditor invalidating cook
[2020.10.31-00.56.22:579][221]LogCook: Display: Clearing all cooked content for platform WindowsNoEditor
[2020.10.31-00.56.22:635][221]LogCook: Display: Sandbox cleanup took 0.057 seconds for platforms WindowsNoEditor 
[2020.10.31-00.56.26:314][221]LogShaderCompilers: Display: Worker (1/3): shaders left to compile 2715
[2020.10.31-00.56.26:314][221]LogShaderCompilers: Display: Worker (2/3): shaders left to compile 2714
[2020.10.31-00.56.26:314][221]LogShaderCompilers: Display: Worker (3/3): shaders left to compile 2713
[2020.10.31-00.56.26:314][221]LogShaderCompilers: Display: Worker (3/3): shaders left to compile 2712
[2020.10.31-00.56.26:314][221]LogShaderCompilers: Display: Worker (2/3): shaders left to compile 2711
[2020.10.31-00.56.26:314][221]LogShaderCompilers: Display: Worker (1/3): shaders left to compile 2710
[2020.10.31-00.56.26:314][221]LogShaderCompilers: Display: Worker (3/3): shaders left to compile 2709
[2020.10.31-00.56.26:869][221]LogShaderCompilers: Display: Worker (2/3): shaders left to compile 2708
[2020.10.31-00.56.26:869][221]LogShaderCompilers: Display: Worker (1/3): shaders left to compile 2707
[2020.10.31-00.56.26:869][221]LogShaderCompilers: Display: Worker (3/3): shaders left to compile 2706
[2020.10.31-00.56.26:869][221]LogShaderCompilers: Display: Worker (2/3): shaders left to compile 2705
[2020.10.31-00.56.26:869][221]LogShaderCompilers: Display: Worker (3/3): shaders left to compile 2704
[2020.10.31-00.56.26:869][221]LogShaderCompilers: Display: Worker (1/3): shaders left to compile 2703
[2020.10.31-00.56.26:869][221]LogShaderCompilers: Display: Worker (3/3): shaders left to compile 2702
[2020.10.31-00.56.26:869][221]LogShaderCompilers: Display: Worker (2/3): shaders left to compile 2701
[2020.10.31-00.56.26:869][221]LogShaderCompilers: Display: Worker (1/3): shaders left to compile 2700
[2020.10.31-00.56.27:424][221]LogShaderCompilers: Display: Worker (3/3): shaders left to compile 2699
[2020.10.31-00.56.27:424][221]LogShaderCompilers: Display: Worker (2/3): shaders left to compile 2698
[2020.10.31-00.56.27:424][221]LogShaderCompilers: Display: Worker (1/3): shaders left to compile 2697
[2020.10.31-00.56.27:424][221]LogShaderCompilers: Display: Worker (3/3): shaders left to compile 2696
[2020.10.31-00.56.27:424][221]LogShaderCompilers: Display: Worker (2/3): shaders left to compile 2695
[2020.10.31-00.56.27:424][221]LogShaderCompilers: Display: Worker (1/3): shaders left to compile 2694
[2020.10.31-00.56.27:424][221]LogShaderCompilers: Display: Worker (3/3): shaders left to compile 2693
[2020.10.31-00.56.27:424][221]LogShaderCompilers: Display: Worker (2/3): shaders left to compile 2692
[2020.10.31-00.56.27:424][221]LogShaderCompilers: Display: Worker (1/3): shaders left to compile 2691
[2020.10.31-00.56.27:424][221]LogShaderCompilers: Display: Worker (3/3): shaders left to compile 2690
[2020.10.31-00.56.27:424][221]LogShaderCompilers: Display: Worker (2/3): shaders left to compile 2689
[2020.10.31-00.56.27:980][221]LogShaderCompilers: Display: Worker (1/3): shaders left to compile 2688
[2020.10.31-00.56.27:980][221]LogShaderCompilers: Display: Worker (3/3): shaders left to compile 2687
[2020.10.31-00.56.27:980][221]LogShaderCompilers: Display: Worker (2/3): shaders left to compile 2686
[2020.10.31-00.56.27:980][221]LogShaderCompilers: Display: Worker (1/3): shaders left to compile 2685
[2020.10.31-00.56.27:980][221]LogShaderCompilers: Display: Worker (3/3): shaders left to compile 2684
[2020.10.31-00.56.27:980][221]LogShaderCompilers: Display: Worker (2/3): shaders left to compile 2683
[2020.10.31-00.56.27:980][221]LogShaderCompilers: Display: Worker (1/3): shaders left to compile 2682
[2020.10.31-00.56.27:980][221]LogShaderCompilers: Display: Worker (3/3): shaders left to compile 2681
[2020.10.31-00.56.27:980][221]LogShaderCompilers: Display: Worker (2/3): shaders left to compile 2680
[2020.10.31-00.56.28:537][221]LogShaderCompilers: Display: Worker (1/3): shaders left to compile 2679
[2020.10.31-00.56.28:537][221]LogShaderCompilers: Display: Worker (3/3): shaders left to compile 2678
[2020.10.31-00.56.28:537][221]LogShaderCompilers: Display: Worker (2/3): shaders left to compile 2677
[2020.10.31-00.56.28:537][221]LogShaderCompilers: Display: Worker (1/3): shaders left to compile 2676
[2020.10.31-00.56.28:537][221]LogShaderCompilers: Display: Worker (2/3): shaders left to compile 2675
[2020.10.31-00.56.28:537][221]LogShaderCompilers: Display: Worker (1/3): shaders left to compile 2674
[2020.10.31-00.56.29:093][221]LogShaderCompilers: Display: Worker (2/3): shaders left to compile 2673
[2020.10.31-00.56.29:093][221]LogShaderCompilers: Display: Worker (1/3): shaders left to compile 2672
[2020.10.31-00.56.29:093][221]LogShaderCompilers: Display: Worker (2/3): shaders left to compile 2671
[2020.10.31-00.56.29:093][221]LogShaderCompilers: Display: Worker (1/3): shaders left to compile 2670
[2020.10.31-00.56.29:093][221]LogShaderCompilers: Display: Worker (2/3): shaders left to compile 2669
[2020.10.31-00.56.29:093][221]LogShaderCompilers: Display: Worker (1/3): shaders left to compile 2668
[2020.10.31-00.56.29:093][221]LogShaderCompilers: Display: Worker (3/3): shaders left to compile 2667
[2020.10.31-00.56.29:649][221]LogShaderCompilers: Display: Worker (2/3): shaders left to compile 2666
[2020.10.31-00.56.29:649][221]LogShaderCompilers: Display: Worker (3/3): shaders left to compile 2665
[2020.10.31-00.56.29:649][221]LogShaderCompilers: Display: Worker (1/3): shaders left to compile 2664
[2020.10.31-00.56.29:649][221]LogShaderCompilers: Display: Worker (2/3): shaders left to compile 2663
[2020.10.31-00.56.29:649][221]LogShaderCompilers: Display: Worker (3/3): shaders left to compile 2662
[2020.10.31-00.56.30:204][221]LogShaderCompilers: Display: Worker (1/3): shaders left to compile 2661
[2020.10.31-00.56.30:204][221]LogShaderCompilers: Display: Worker (2/3): shaders left to compile 2660
[2020.10.31-00.56.30:204][221]LogShaderCompilers: Display: Worker (3/3): shaders left to compile 2659
[2020.10.31-00.56.30:204][221]LogShaderCompilers: Display: Worker (2/3): shaders left to compile 2658
[2020.10.31-00.56.30:204][221]LogShaderCompilers: Display: Worker (1/3): shaders left to compile 2657
[2020.10.31-00.56.30:204][221]LogShaderCompilers: Display: Worker (3/3): shaders left to compile 2656
[2020.10.31-00.56.30:204][221]LogShaderCompilers: Display: Worker (3/3): shaders left to compile 2655
[2020.10.31-00.56.30:204][221]LogShaderCompilers: Display: Worker (2/3): shaders left to compile 2654
[2020.10.31-00.56.30:204][221]LogShaderCompilers: Display: Worker (1/3): shaders left to compile 2653
[2020.10.31-00.56.30:760][221]LogShaderCompilers: Display: Worker (3/3): shaders left to compile 2652
[2020.10.31-00.56.30:760][221]LogShaderCompilers: Display: Worker (1/3): shaders left to compile 2651
[2020.10.31-00.56.30:760][221]LogShaderCompilers: Display: Worker (2/3): shaders left to compile 2650
[2020.10.31-00.56.30:760][221]LogShaderCompilers: Display: Worker (3/3): shaders left to compile 2649
[2020.10.31-00.56.30:760][221]LogShaderCompilers: Display: Worker (1/3): shaders left to compile 2648
[2020.10.31-00.56.30:760][221]LogShaderCompilers: Display: Worker (2/3): shaders left to compile 2647
[2020.10.31-00.56.30:760][221]LogShaderCompilers: Display: Worker (1/3): shaders left to compile 2646
[2020.10.31-00.56.30:760][221]LogShaderCompilers: Display: Worker (3/3): shaders left to compile 2645
[2020.10.31-00.56.30:760][221]LogShaderCompilers: Display: Worker (2/3): shaders left to compile 2644
[2020.10.31-00.56.31:316][221]LogShaderCompilers: Display: Worker (1/3): shaders left to compile 2643
[2020.10.31-00.56.31:316][221]LogShaderCompilers: Display: Worker (3/3): shaders left to compile 2642
[2020.10.31-00.56.31:316][221]LogShaderCompilers: Display: Worker (2/3): shaders left to compile 2641
[2020.10.31-00.56.31:316][221]LogShaderCompilers: Display: Worker (3/3): shaders left to compile 2640
[2020.10.31-00.56.31:316][221]LogShaderCompilers: Display: Worker (1/3): shaders left to compile 2639
[2020.10.31-00.56.31:316][221]LogShaderCompilers: Display: Worker (2/3): shaders left to compile 2638
[2020.10.31-00.56.31:316][221]LogShaderCompilers: Display: Worker (1/3): shaders left to compile 2637
[2020.10.31-00.56.31:316][221]LogShaderCompilers: Display: Worker (2/3): shaders left to compile 2636
[2020.10.31-00.56.31:316][221]LogShaderCompilers: Display: Worker (3/3): shaders left to compile 2635
[2020.10.31-00.56.31:316][221]LogShaderCompilers: Display: Worker (1/3): shaders left to compile 2634
[2020.10.31-00.56.31:316][221]LogShaderCompilers: Display: Worker (2/3): shaders left to compile 2633
[2020.10.31-00.56.31:316][221]LogShaderCompilers: Display: Worker (1/3): shaders left to compile 2632
[2020.10.31-00.56.31:316][221]LogShaderCompilers: Display: Worker (3/3): shaders left to compile 2631
[2020.10.31-00.56.31:873][221]LogShaderCompilers: Display: Worker (2/3): shaders left to compile 2630
[2020.10.31-00.56.31:873][221]LogShaderCompilers: Display: Worker (3/3): shaders left to compile 2629
[2020.10.31-00.56.31:873][221]LogShaderCompilers: Display: Worker (2/3): shaders left to compile 2628
[2020.10.31-00.56.31:873][221]LogShaderCompilers: Display: Worker (3/3): shaders left to compile 2627
[2020.10.31-00.56.31:873][221]LogShaderCompilers: Display: Worker (2/3): shaders left to compile 2626
[2020.10.31-00.56.31:873][221]LogShaderCompilers: Display: Worker (3/3): shaders left to compile 2625
[2020.10.31-00.56.31:873][221]LogShaderCompilers: Display: Worker (1/3): shaders left to compile 2624
[2020.10.31-00.56.31:873][221]LogShaderCompilers: Display: Worker (2/3): shaders left to compile 2623
[2020.10.31-00.56.32:429][221]LogShaderCompilers: Display: Worker (2/3): shaders left to compile 2622
[2020.10.31-00.56.32:429][221]LogShaderCompilers: Display: Worker (2/3): shaders left to compile 2621
[2020.10.31-00.56.32:429][221]LogShaderCompilers: Display: Worker (1/3): shaders left to compile 2620
[2020.10.31-00.56.32:429][221]LogShaderCompilers: Display: Worker (2/3): shaders left to compile 2619
[2020.10.31-00.56.32:429][221]LogShaderCompilers: Display: Worker (1/3): shaders left to compile 2618
[2020.10.31-00.56.32:429][221]LogShaderCompilers: Display: Worker (3/3): shaders left to compile 2617
[2020.10.31-00.56.32:985][221]LogShaderCompilers: Display: Worker (2/3): shaders left to compile 2616
[2020.10.31-00.56.34:138][221]LogShaderCompilers: Display: Worker (2/3): shaders left to compile 2615
[2020.10.31-00.56.34:138][221]LogShaderCompilers: Display: Worker (2/3): shaders left to compile 2614
[2020.10.31-00.56.34:700][221]LogShaderCompilers: Display: Worker (2/3): shaders left to compile 2613
[2020.10.31-00.56.34:700][221]LogShaderCompilers: Display: Worker (2/3): shaders left to compile 2612
[2020.10.31-00.56.35:264][221]LogShaderCompilers: Display: Worker (3/3): shaders left to compile 2611
[2020.10.31-00.56.35:264][221]LogShaderCompilers: Display: Worker (2/3): shaders left to compile 2610
[2020.10.31-00.56.35:264][221]LogShaderCompilers: Display: Worker (2/3): shaders left to compile 2609
[2020.10.31-00.56.35:264][221]LogShaderCompilers: Display: Worker (3/3): shaders left to compile 2608
[2020.10.31-00.56.36:434][221]LogShaderCompilers: Display: Worker (2/3): shaders left to compile 2607
[2020.10.31-00.56.36:434][221]LogShaderCompilers: Display: Worker (3/3): shaders left to compile 2606
[2020.10.31-00.56.37:016][221]LogShaderCompilers: Display: Worker (3/3): shaders left to compile 2605
[2020.10.31-00.56.37:017][221]LogShaderCompilers: Display: Worker (2/3): shaders left to compile 2604
[2020.10.31-00.56.37:017][221]LogShaderCompilers: Display: Worker (3/3): shaders left to compile 2603
[2020.10.31-00.56.37:583][221]LogShaderCompilers: Display: Worker (2/3): shaders left to compile 2602
[2020.10.31-00.56.37:583][221]LogShaderCompilers: Display: Worker (3/3): shaders left to compile 2601
[2020.10.31-00.56.37:583][221]LogShaderCompilers: Display: Worker (2/3): shaders left to compile 2600
[2020.10.31-00.56.38:145][221]LogShaderCompilers: Display: Worker (3/3): shaders left to compile 2599
[2020.10.31-00.56.38:145][221]LogShaderCompilers: Display: Worker (3/3): shaders left to compile 2598
[2020.10.31-00.56.38:728][221]LogShaderCompilers: Display: Worker (2/3): shaders left to compile 2597
[2020.10.31-00.56.38:728][221]LogShaderCompilers: Display: Worker (3/3): shaders left to compile 2596
[2020.10.31-00.56.39:295][221]LogShaderCompilers: Display: Worker (2/3): shaders left to compile 2595
[2020.10.31-00.56.39:295][221]LogShaderCompilers: Display: Worker (3/3): shaders left to compile 2594
[2020.10.31-00.56.39:295][221]LogShaderCompilers: Display: Worker (2/3): shaders left to compile 2593
[2020.10.31-00.56.39:295][221]LogShaderCompilers: Display: Worker (3/3): shaders left to compile 2592
[2020.10.31-00.56.39:862][221]LogShaderCompilers: Display: Worker (2/3): shaders left to compile 2591
[2020.10.31-00.56.39:862][221]LogShaderCompilers: Display: Worker (3/3): shaders left to compile 2590
[2020.10.31-00.56.39:862][221]LogShaderCompilers: Display: Worker (2/3): shaders left to compile 2589
[2020.10.31-00.56.40:426][221]LogShaderCompilers: Display: Worker (2/3): shaders left to compile 2588
[2020.10.31-00.56.40:426][221]LogShaderCompilers: Display: Worker (3/3): shaders left to compile 2587
[2020.10.31-00.56.40:426][221]LogShaderCompilers: Display: Worker (3/3): shaders left to compile 2586
[2020.10.31-00.56.41:024][221]LogShaderCompilers: Display: Worker (2/3): shaders left to compile 2585
[2020.10.31-00.56.41:024][221]LogShaderCompilers: Display: Worker (3/3): shaders left to compile 2584
[2020.10.31-00.56.41:604][221]LogShaderCompilers: Display: Worker (2/3): shaders left to compile 2583
[2020.10.31-00.56.42:163][221]LogShaderCompilers: Display: Worker (3/3): shaders left to compile 2582
[2020.10.31-00.56.42:163][221]LogShaderCompilers: Display: Worker (2/3): shaders left to compile 2581
[2020.10.31-00.56.42:163][221]LogShaderCompilers: Display: Worker (3/3): shaders left to compile 2580
[2020.10.31-00.56.42:163][221]LogShaderCompilers: Display: Worker (2/3): shaders left to compile 2579
[2020.10.31-00.56.42:163][221]LogShaderCompilers: Display: Worker (3/3): shaders left to compile 2578
[2020.10.31-00.56.42:733][221]LogShaderCompilers: Display: Worker (3/3): shaders left to compile 2577
[2020.10.31-00.56.42:733][221]LogShaderCompilers: Display: Worker (2/3): shaders left to compile 2576
[2020.10.31-00.56.43:299][221]LogShaderCompilers: Display: Worker (3/3): shaders left to compile 2575
[2020.10.31-00.56.43:300][221]LogShaderCompilers: Display: Worker (2/3): shaders left to compile 2574
[2020.10.31-00.56.43:300][221]LogShaderCompilers: Display: Worker (3/3): shaders left to compile 2573
[2020.10.31-00.56.43:300][221]LogShaderCompilers: Display: Worker (2/3): shaders left to compile 2572
[2020.10.31-00.56.43:857][221]LogShaderCompilers: Display: Worker (3/3): shaders left to compile 2571
[2020.10.31-00.56.43:857][221]LogShaderCompilers: Display: Worker (2/3): shaders left to compile 2570
[2020.10.31-00.56.43:857][221]LogShaderCompilers: Display: Worker (3/3): shaders left to compile 2569
[2020.10.31-00.56.43:857][221]LogShaderCompilers: Display: Worker (2/3): shaders left to compile 2568
[2020.10.31-00.56.44:412][221]LogShaderCompilers: Display: Worker (3/3): shaders left to compile 2567
[2020.10.31-00.56.44:412][221]LogShaderCompilers: Display: Worker (2/3): shaders left to compile 2566
[2020.10.31-00.56.44:412][221]LogShaderCompilers: Display: Worker (3/3): shaders left to compile 2565
[2020.10.31-00.56.44:412][221]LogShaderCompilers: Display: Worker (2/3): shaders left to compile 2564
[2020.10.31-00.56.44:412][221]LogShaderCompilers: Display: Worker (3/3): shaders left to compile 2563
[2020.10.31-00.56.44:412][221]LogShaderCompilers: Display: Worker (2/3): shaders left to compile 2562
[2020.10.31-00.56.44:412][221]LogShaderCompilers: Display: Worker (3/3): shaders left to compile 2561
[2020.10.31-00.56.44:412][221]LogShaderCompilers: Display: Worker (2/3): shaders left to compile 2560
[2020.10.31-00.56.44:971][221]LogShaderCompilers: Display: Worker (3/3): shaders left to compile 2559
[2020.10.31-00.56.44:971][221]LogShaderCompilers: Display: Worker (2/3): shaders left to compile 2558
[2020.10.31-00.56.44:971][221]LogShaderCompilers: Display: Worker (3/3): shaders left to compile 2557
[2020.10.31-00.56.44:971][221]LogShaderCompilers: Display: Worker (2/3): shaders left to compile 2556
[2020.10.31-00.56.46:087][221]LogShaderCompilers: Display: Worker (2/3): shaders left to compile 2555
[2020.10.31-00.56.46:087][221]LogShaderCompilers: Display: Worker (3/3): shaders left to compile 2554
[2020.10.31-00.56.46:645][221]LogShaderCompilers: Display: Worker (3/3): shaders left to compile 2553
[2020.10.31-00.56.46:645][221]LogShaderCompilers: Display: Worker (2/3): shaders left to compile 2552
[2020.10.31-00.56.46:645][221]LogShaderCompilers: Display: Worker (3/3): shaders left to compile 2551
[2020.10.31-00.56.47:761][221]LogShaderCompilers: Display: Worker (2/3): shaders left to compile 2550
[2020.10.31-00.56.47:761][221]LogShaderCompilers: Display: Worker (3/3): shaders left to compile 2549
[2020.10.31-00.56.48:881][221]LogShaderCompilers: Display: Worker (1/3): shaders left to compile 2548
[2020.10.31-00.56.49:439][221]LogShaderCompilers: Display: Worker (2/3): shaders left to compile 2547
[2020.10.31-00.56.49:439][221]LogShaderCompilers: Display: Worker (3/3): shaders left to compile 2546
[2020.10.31-00.56.49:998][221]LogShaderCompilers: Display: Worker (1/3): shaders left to compile 2545
[2020.10.31-00.56.50:556][221]LogShaderCompilers: Display: Worker (2/3): shaders left to compile 2544
[2020.10.31-00.56.50:556][221]LogShaderCompilers: Display: Worker (3/3): shaders left to compile 2543
[2020.10.31-00.56.51:680][221]LogShaderCompilers: Display: Worker (1/3): shaders left to compile 2542
[2020.10.31-00.56.51:680][221]LogShaderCompilers: Display: Worker (2/3): shaders left to compile 2541
[2020.10.31-00.56.51:680][221]LogShaderCompilers: Display: Worker (3/3): shaders left to compile 2540
[2020.10.31-00.56.52:796][221]LogShaderCompilers: Display: Worker (1/3): shaders left to compile 2539
[2020.10.31-00.56.52:796][221]LogShaderCompilers: Display: Worker (2/3): shaders left to compile 2538
[2020.10.31-00.56.52:796][221]LogShaderCompilers: Display: Worker (3/3): shaders left to compile 2537
[2020.10.31-00.56.53:912][221]LogShaderCompilers: Display: Worker (1/3): shaders left to compile 2536
[2020.10.31-00.56.53:912][221]LogShaderCompilers: Display: Worker (2/3): shaders left to compile 2535
[2020.10.31-00.56.53:912][221]LogShaderCompilers: Display: Worker (3/3): shaders left to compile 2534
[2020.10.31-00.56.55:586][221]LogShaderCompilers: Display: Worker (1/3): shaders left to compile 2533
[2020.10.31-00.56.57:260][221]LogShaderCompilers: Display: Worker (2/3): shaders left to compile 2532
[2020.10.31-00.56.57:818][221]LogShaderCompilers: Display: Worker (3/3): shaders left to compile 2531
[2020.10.31-00.56.58:935][221]LogShaderCompilers: Display: Worker (1/3): shaders left to compile 2530
[2020.10.31-00.57.01:408][221]LogShaderCompilers: Display: Worker (2/3): shaders left to compile 2529
[2020.10.31-00.57.02:559][221]LogShaderCompilers: Display: Worker (3/3): shaders left to compile 2528
[2020.10.31-00.57.04:267][221]LogShaderCompilers: Display: Worker (1/3): shaders left to compile 2527
[2020.10.31-00.57.05:967][221]LogShaderCompilers: Display: Worker (2/3): shaders left to compile 2526
[2020.10.31-00.57.07:688][221]LogShaderCompilers: Display: Worker (3/3): shaders left to compile 2525
[2020.10.31-00.57.09:920][221]LogShaderCompilers: Display: Worker (1/3): shaders left to compile 2524
[2020.10.31-00.57.12:711][221]LogShaderCompilers: Display: Worker (2/3): shaders left to compile 2523
[2020.10.31-00.57.15:612][221]LogShaderCompilers: Display: Worker (3/3): shaders left to compile 2522
[2020.10.31-00.57.18:596][221]LogShaderCompilers: Display: Worker (1/3): shaders left to compile 2521
[2020.10.31-00.57.21:989][221]LogShaderCompilers: Display: Worker (2/3): shaders left to compile 2520
[2020.10.31-00.57.23:119][221]LogShaderCompilers: Display: Worker (2/3): shaders left to compile 2519
[2020.10.31-00.57.24:244][221]LogShaderCompilers: Display: Worker (2/3): shaders left to compile 2518
[2020.10.31-00.57.24:804][221]LogShaderCompilers: Display: Worker (3/3): shaders left to compile 2517
[2020.10.31-00.57.25:935][221]LogShaderCompilers: Display: Worker (2/3): shaders left to compile 2516
[2020.10.31-00.57.25:935][221]LogShaderCompilers: Display: Worker (3/3): shaders left to compile 2515
[2020.10.31-00.57.27:069][221]LogShaderCompilers: Display: Worker (2/3): shaders left to compile 2514
[2020.10.31-00.57.27:630][221]LogShaderCompilers: Display: Worker (3/3): shaders left to compile 2513
[2020.10.31-00.57.28:192][221]LogShaderCompilers: Display: Worker (1/3): shaders left to compile 2512
[2020.10.31-00.57.28:764][221]LogShaderCompilers: Display: Worker (2/3): shaders left to compile 2511
[2020.10.31-00.57.28:764][221]LogShaderCompilers: Display: Worker (3/3): shaders left to compile 2510
[2020.10.31-00.57.29:939][221]LogShaderCompilers: Display: Worker (1/3): shaders left to compile 2509
[2020.10.31-00.57.30:507][221]LogShaderCompilers: Display: Worker (2/3): shaders left to compile 2508
[2020.10.31-00.57.30:507][221]LogShaderCompilers: Display: Worker (3/3): shaders left to compile 2507
[2020.10.31-00.57.31:633][221]LogShaderCompilers: Display: Worker (1/3): shaders left to compile 2506
[2020.10.31-00.57.31:633][221]LogShaderCompilers: Display: Worker (2/3): shaders left to compile 2505
[2020.10.31-00.57.32:191][221]LogShaderCompilers: Display: Worker (3/3): shaders left to compile 2504
[2020.10.31-00.57.33:307][221]LogShaderCompilers: Display: Worker (1/3): shaders left to compile 2503
[2020.10.31-00.57.33:307][221]LogShaderCompilers: Display: Worker (2/3): shaders left to compile 2502
[2020.10.31-00.57.33:865][221]LogShaderCompilers: Display: Worker (3/3): shaders left to compile 2501
[2020.10.31-00.57.35:539][221]LogShaderCompilers: Display: Worker (1/3): shaders left to compile 2500
[2020.10.31-00.57.36:656][221]LogShaderCompilers: Display: Worker (2/3): shaders left to compile 2499
[2020.10.31-00.57.37:772][221]LogShaderCompilers: Display: Worker (3/3): shaders left to compile 2498
[2020.10.31-00.57.40:562][221]LogShaderCompilers: Display: Worker (1/3): shaders left to compile 2497
[2020.10.31-00.57.42:794][221]LogShaderCompilers: Display: Worker (2/3): shaders left to compile 2496
[2020.10.31-00.57.45:027][221]LogShaderCompilers: Display: Worker (3/3): shaders left to compile 2495
[2020.10.31-00.57.48:375][221]LogShaderCompilers: Display: Worker (1/3): shaders left to compile 2494
[2020.10.31-00.57.52:284][221]LogShaderCompilers: Display: Worker (2/3): shaders left to compile 2493
[2020.10.31-00.57.57:219][221]LogShaderCompilers: Display: Worker (3/3): shaders left to compile 2492
[2020.10.31-00.58.04:319][221]LogShaderCompilers: Display: Worker (1/3): shaders left to compile 2491
