Log file open, 10/31/20 01:32:54
LogInit: Display: Running engine for game: SteamProject
LogPlatformFile: Not using cached read wrapper
LogTaskGraph: Started task graph with 5 named threads and 14 total threads with 3 sets of task threads.
LogStats: Stats thread started at 0.320811
LogD3D11RHI: Loaded GFSDK_Aftermath_Lib.x64.dll
LogICUInternationalization: ICU TimeZone Detection - Raw Offset: +0:00, Platform Override: ''
LogPluginManager: Mounting plugin Paper2D
LogPluginManager: Mounting plugin AISupport
LogPluginManager: Mounting plugin LightPropagationVolume
LogPluginManager: Mounting plugin CameraShakePreviewer
LogPluginManager: Mounting plugin ActorLayerUtilities
LogPluginManager: Mounting plugin AnimationSharing
LogPluginManager: Mounting plugin CLionSourceCodeAccess
LogPluginManager: Mounting plugin CodeLiteSourceCodeAccess
LogPluginManager: Mounting plugin GitSourceControl
LogPluginManager: Mounting plugin KDevelopSourceCodeAccess
LogPluginManager: Mounting plugin NullSourceCodeAccess
LogPluginManager: Mounting plugin PerforceSourceControl
LogPluginManager: Mounting plugin PlasticSourceControl
LogPluginManager: Mounting plugin RiderSourceCodeAccess
LogPluginManager: Mounting plugin SubversionSourceControl
LogPluginManager: Mounting plugin UObjectPlugin
LogPluginManager: Mounting plugin VisualStudioCodeSourceCodeAccess
LogPluginManager: Mounting plugin VisualStudioSourceCodeAccess
LogPluginManager: Mounting plugin XCodeSourceCodeAccess
LogPluginManager: Mounting plugin AssetManagerEditor
LogPluginManager: Mounting plugin CryptoKeys
LogPluginManager: Mounting plugin CurveEditorTools
LogPluginManager: Mounting plugin DataValidation
LogPluginManager: Mounting plugin EditorScriptingUtilities
LogPluginManager: Mounting plugin FacialAnimation
LogPluginManager: Mounting plugin GameplayTagsEditor
LogPluginManager: Mounting plugin GeometryMode
LogPluginManager: Mounting plugin MacGraphicsSwitching
LogPluginManager: Mounting plugin MaterialAnalyzer
LogPluginManager: Mounting plugin MobileLauncherProfileWizard
LogPluginManager: Mounting plugin PluginBrowser
LogPluginManager: Mounting plugin SpeedTreeImporter
LogPluginManager: Mounting plugin DatasmithContent
LogPluginManager: Mounting plugin VariantManagerContent
LogPluginManager: Mounting plugin AlembicImporter
LogPluginManager: Mounting plugin AutomationUtils
LogPluginManager: Mounting plugin BackChannel
LogPluginManager: Mounting plugin ChaosCloth
LogPluginManager: Mounting plugin ChaosClothEditor
LogPluginManager: Mounting plugin ChaosEditor
LogPluginManager: Mounting plugin ChaosNiagara
LogPluginManager: Mounting plugin ChaosSolverPlugin
LogPluginManager: Mounting plugin CharacterAI
LogPluginManager: Mounting plugin GeometryCache
LogPluginManager: Mounting plugin GeometryCollectionPlugin
LogPluginManager: Mounting plugin GeometryProcessing
LogPluginManager: Mounting plugin PlanarCut
LogPluginManager: Mounting plugin PlatformCrypto
LogPluginManager: Mounting plugin ProxyLODPlugin
LogPluginManager: Mounting plugin SkeletalReduction
LogPluginManager: Mounting plugin Niagara
LogPluginManager: Mounting plugin MagicLeap
LogPluginManager: Mounting plugin MagicLeapLightEstimation
LogPluginManager: Mounting plugin MagicLeapMedia
LogPluginManager: Mounting plugin MagicLeapPassableWorld
LogPluginManager: Mounting plugin MLSDK
LogPluginManager: Mounting plugin AndroidMedia
LogPluginManager: Mounting plugin AvfMedia
LogPluginManager: Mounting plugin ImgMedia
LogPluginManager: Mounting plugin MediaCompositing
LogPluginManager: Mounting plugin MediaPlayerEditor
LogPluginManager: Mounting plugin WebMMedia
LogPluginManager: Mounting plugin WmfMedia
LogPluginManager: Mounting plugin MeshPainting
LogPluginManager: Mounting plugin TcpMessaging
LogPluginManager: Mounting plugin UdpMessaging
LogPluginManager: Mounting plugin ActorSequence
LogPluginManager: Mounting plugin LevelSequenceEditor
LogPluginManager: Mounting plugin MatineeToLevelSequence
LogPluginManager: Mounting plugin MovieRenderPipeline
LogPluginManager: Mounting plugin TemplateSequence
LogPluginManager: Mounting plugin NetcodeUnitTest
LogPluginManager: Mounting plugin NUTUnrealEngine4
LogPluginManager: Mounting plugin OnlineSubsystemGooglePlay
LogPluginManager: Mounting plugin OnlineSubsystemIOS
LogPluginManager: Mounting plugin OnlineSubsystem
LogPluginManager: Mounting plugin OnlineSubsystemNull
LogPluginManager: Mounting plugin OnlineSubsystemSteam
LogPluginManager: Mounting plugin OnlineSubsystemUtils
LogPluginManager: Mounting plugin LauncherChunkInstaller
LogPluginManager: Mounting plugin AndroidDeviceProfileSelector
LogPluginManager: Mounting plugin AndroidMoviePlayer
LogPluginManager: Mounting plugin AndroidPermission
LogPluginManager: Mounting plugin AppleImageUtils
LogPluginManager: Mounting plugin AppleMoviePlayer
LogPluginManager: Mounting plugin ArchVisCharacter
LogPluginManager: Mounting plugin AssetTags
LogPluginManager: Mounting plugin AudioCapture
LogPluginManager: Mounting plugin CableComponent
LogPluginManager: Mounting plugin CustomMeshComponent
LogPluginManager: Mounting plugin EditableMesh
LogPluginManager: Mounting plugin ExampleDeviceProfileSelector
LogPluginManager: Mounting plugin GoogleCloudMessaging
LogPluginManager: Mounting plugin GooglePAD
LogPluginManager: Mounting plugin IOSDeviceProfileSelector
LogPluginManager: Mounting plugin LinuxDeviceProfileSelector
LogPluginManager: Mounting plugin LocationServicesBPLibrary
LogPluginManager: Mounting plugin MobilePatchingUtils
LogPluginManager: Mounting plugin OculusVR
LogPluginManager: Mounting plugin PhysXVehicles
LogPluginManager: Mounting plugin PostSplashScreen
LogPluginManager: Mounting plugin ProceduralMeshComponent
LogPluginManager: Mounting plugin RuntimePhysXCooking
LogPluginManager: Mounting plugin SignificanceManager
LogPluginManager: Mounting plugin SoundFields
LogPluginManager: Mounting plugin SteamShared
LogPluginManager: Mounting plugin SteamVR
LogPluginManager: Mounting plugin Synthesis
LogPluginManager: Mounting plugin WebMMoviePlayer
LogPluginManager: Mounting plugin WindowsMoviePlayer
LogPluginManager: Mounting plugin ScreenshotTools
LogInit: Using libcurl 7.55.1-DEV
LogInit:  - built for x86_64-pc-win32
LogInit:  - supports SSL with OpenSSL/1.1.1
LogInit:  - supports HTTP deflate (compression) using libz 1.2.8
LogInit:  - other features:
LogInit:      CURL_VERSION_SSL
LogInit:      CURL_VERSION_LIBZ
LogInit:      CURL_VERSION_IPV6
LogInit:      CURL_VERSION_ASYNCHDNS
LogInit:      CURL_VERSION_LARGEFILE
LogInit:      CURL_VERSION_IDN
LogInit:  CurlRequestOptions (configurable via config and command line):
LogInit:  - bVerifyPeer = true  - Libcurl will verify peer certificate
LogInit:  - bUseHttpProxy = false  - Libcurl will NOT use HTTP proxy
LogInit:  - bDontReuseConnections = false  - Libcurl will reuse connections
LogInit:  - MaxHostConnections = 16  - Libcurl will limit the number of connections to a host
LogInit:  - LocalHostAddr = Default
LogInit:  - BufferSize = 65536
LogSteamShared: Display: Loading Steam SDK 1.47
LogSteamShared: Steam SDK Loaded!
LogOnline: OSS: Creating online subsystem instance for: Steam
LogOnline: Warning: STEAM: Steam API disabled!
LogOnline: Display: STEAM: OnlineSubsystemSteam::Shutdown()
LogOnline: OSS: Unable to create OnlineSubsystem module Steam
LogOnline: OSS: Creating online subsystem instance for: NULL
LogInit: WinSock: version 1.1 (2.2), MaxSocks=32767, MaxUdp=65467
LogOnline: OSS: TryLoadSubsystemAndSetDefault: Loaded subsystem for module [NULL]
LogInit: Build: ++UE4+Release-4.25-CL-14469661
LogInit: Engine Version: 4.25.4-14469661+++UE4+Release-4.25
LogInit: Compatible Engine Version: 4.25.0-13144385+++UE4+Release-4.25
LogInit: Net CL: 13144385
LogInit: OS: Windows 10 (Release 2004) (), CPU: Intel(R) Core(TM) i5-6400 CPU @ 2.70GHz, GPU: NVIDIA GeForce GTX 970
LogInit: Compiled (64-bit): Oct 11 2020 08:10:49
LogInit: Compiled with Visual C++: 19.24.28315.00
LogInit: Build Configuration: Development
LogInit: Branch Name: ++UE4+Release-4.25
LogInit: Command Line:  /Game/Maps/MainMenu -game -PIEVIACONSOLE -Multiprocess "GameUserSettingsINI=C:/Users/felld/Documents/Unreal Projects/SteamProject-4.25/Saved/Config/Windows/PIEGameUserSettings0.ini" -MultiprocessSaveConfig -MultiprocessOSS -messaging -SessionName="Play in Standalone Game" -windowed -ResX=1280 -ResY=720
LogInit: Base Directory: C:/Program Files/Epic Games/UE_4.25/Engine/Binaries/Win64/
LogInit: Allocator: TBB
LogInit: Installed Engine Build: 1
LogDevObjectVersion: Number of dev versions registered: 26
LogDevObjectVersion:   Dev-Blueprints (B0D832E4-1F89-4F0D-ACCF-7EB736FD4AA2): 10
LogDevObjectVersion:   Dev-Build (E1C64328-A22C-4D53-A36C-8E866417BD8C): 0
LogDevObjectVersion:   Dev-Core (375EC13C-06E4-48FB-B500-84F0262A717E): 4
LogDevObjectVersion:   Dev-Editor (E4B068ED-F494-42E9-A231-DA0B2E46BB41): 38
LogDevObjectVersion:   Dev-Framework (CFFC743F-43B0-4480-9391-14DF171D2073): 37
LogDevObjectVersion:   Dev-Mobile (B02B49B5-BB20-44E9-A304-32B752E40360): 2
LogDevObjectVersion:   Dev-Networking (A4E4105C-59A1-49B5-A7C5-40C4547EDFEE): 0
LogDevObjectVersion:   Dev-Online (39C831C9-5AE6-47DC-9A44-9C173E1C8E7C): 0
LogDevObjectVersion:   Dev-Physics (78F01B33-EBEA-4F98-B9B4-84EACCB95AA2): 4
LogDevObjectVersion:   Dev-Platform (6631380F-2D4D-43E0-8009-CF276956A95A): 0
LogDevObjectVersion:   Dev-Rendering (12F88B9F-8875-4AFC-A67C-D90C383ABD29): 43
LogDevObjectVersion:   Dev-Sequencer (7B5AE74C-D270-4C10-A958-57980B212A5A): 12
LogDevObjectVersion:   Dev-VR (D7296918-1DD6-4BDD-9DE2-64A83CC13884): 3
LogDevObjectVersion:   Dev-LoadTimes (C2A15278-BFE7-4AFE-6C17-90FF531DF755): 1
LogDevObjectVersion:   Private-Geometry (6EACA3D4-40EC-4CC1-B786-8BED09428FC5): 3
LogDevObjectVersion:   Dev-AnimPhys (29E575DD-E0A3-4627-9D10-D276232CDCEA): 17
LogDevObjectVersion:   Dev-Anim (AF43A65D-7FD3-4947-9873-3E8ED9C1BB05): 7
LogDevObjectVersion:   Dev-ReflectionCapture (6B266CEC-1EC7-4B8F-A30B-E4D90942FC07): 1
LogDevObjectVersion:   Dev-Automation (0DF73D61-A23F-47EA-B727-89E90C41499A): 1
LogDevObjectVersion:   FortniteMain (601D1886-AC64-4F84-AA16-D3DE0DEAC7D6): 31
LogDevObjectVersion:   Dev-Enterprise (9DFFBCD6-494F-0158-E221-12823C92A888): 10
LogDevObjectVersion:   Dev-Niagara (F2AED0AC-9AFE-416F-8664-AA7FFA26D6FC): 1
LogDevObjectVersion:   Dev-Destruction (174F1F0B-B4C6-45A5-B13F-2EE8D0FB917D): 10
LogDevObjectVersion:   Dev-Physics-Ext (35F94A83-E258-406C-A318-09F59610247C): 37
LogDevObjectVersion:   Dev-PhysicsMaterial-Chaos (B68FC16E-8B1B-42E2-B453-215C058844FE): 1
LogDevObjectVersion:   Dev-CineCamera (B2E18506-4273-CFC2-A54E-F4BB758BBA07): 1
LogInit: Presizing for max 25165824 objects, including 0 objects not considered by GC, pre-allocating 0 bytes for permanent pool.
LogConfig: Applying CVar settings from Section [/Script/Engine.StreamingSettings] File [C:/Users/felld/Documents/Unreal Projects/SteamProject-4.25/Saved/Config/Windows/Engine.ini]
LogConfig: Setting CVar [[s.MinBulkDataSizeForAsyncLoading:131072]]
LogConfig: Setting CVar [[s.AsyncLoadingThreadEnabled:0]]
LogConfig: Setting CVar [[s.EventDrivenLoaderEnabled:1]]
LogConfig: Setting CVar [[s.WarnIfTimeLimitExceeded:0]]
LogConfig: Setting CVar [[s.TimeLimitExceededMultiplier:1.5]]
LogConfig: Setting CVar [[s.TimeLimitExceededMinTime:0.005]]
LogConfig: Setting CVar [[s.UseBackgroundLevelStreaming:1]]
LogConfig: Setting CVar [[s.PriorityAsyncLoadingExtraTime:15.0]]
LogConfig: Setting CVar [[s.LevelStreamingActorsUpdateTimeLimit:5.0]]
LogConfig: Setting CVar [[s.PriorityLevelStreamingActorsUpdateExtraTime:5.0]]
LogConfig: Setting CVar [[s.LevelStreamingComponentsRegistrationGranularity:10]]
LogConfig: Setting CVar [[s.UnregisterComponentsTimeLimit:1.0]]
LogConfig: Setting CVar [[s.LevelStreamingComponentsUnregistrationGranularity:5]]
LogConfig: Setting CVar [[s.FlushStreamingOnExit:1]]
LogInit: Object subsystem initialized
LogConfig: Setting CVar [[con.DebugEarlyDefault:1]]
LogConfig: Setting CVar [[r.setres:1280x720]]
[2020.10.31-01.32.55:400][  0]LogConfig: Setting CVar [[con.DebugEarlyDefault:1]]
[2020.10.31-01.32.55:400][  0]LogConfig: Setting CVar [[r.setres:1280x720]]
[2020.10.31-01.32.55:400][  0]LogConfig: Applying CVar settings from Section [/Script/Engine.RendererSettings] File [C:/Users/felld/Documents/Unreal Projects/SteamProject-4.25/Saved/Config/Windows/Engine.ini]
[2020.10.31-01.32.55:400][  0]LogConfig: Setting CVar [[r.GPUCrashDebugging:0]]
[2020.10.31-01.32.55:400][  0]LogConfig: Applying CVar settings from Section [/Script/Engine.RendererOverrideSettings] File [C:/Users/felld/Documents/Unreal Projects/SteamProject-4.25/Saved/Config/Windows/Engine.ini]
[2020.10.31-01.32.55:400][  0]LogConfig: Applying CVar settings from Section [/Script/Engine.StreamingSettings] File [C:/Users/felld/Documents/Unreal Projects/SteamProject-4.25/Saved/Config/Windows/Engine.ini]
[2020.10.31-01.32.55:400][  0]LogConfig: Setting CVar [[s.MinBulkDataSizeForAsyncLoading:131072]]
[2020.10.31-01.32.55:400][  0]LogConfig: Setting CVar [[s.AsyncLoadingThreadEnabled:0]]
[2020.10.31-01.32.55:400][  0]LogConfig: Setting CVar [[s.EventDrivenLoaderEnabled:1]]
[2020.10.31-01.32.55:400][  0]LogConfig: Setting CVar [[s.WarnIfTimeLimitExceeded:0]]
[2020.10.31-01.32.55:400][  0]LogConfig: Setting CVar [[s.TimeLimitExceededMultiplier:1.5]]
[2020.10.31-01.32.55:401][  0]LogConfig: Setting CVar [[s.TimeLimitExceededMinTime:0.005]]
[2020.10.31-01.32.55:401][  0]LogConfig: Setting CVar [[s.UseBackgroundLevelStreaming:1]]
[2020.10.31-01.32.55:401][  0]LogConfig: Setting CVar [[s.PriorityAsyncLoadingExtraTime:15.0]]
[2020.10.31-01.32.55:401][  0]LogConfig: Setting CVar [[s.LevelStreamingActorsUpdateTimeLimit:5.0]]
[2020.10.31-01.32.55:401][  0]LogConfig: Setting CVar [[s.PriorityLevelStreamingActorsUpdateExtraTime:5.0]]
[2020.10.31-01.32.55:401][  0]LogConfig: Setting CVar [[s.LevelStreamingComponentsRegistrationGranularity:10]]
[2020.10.31-01.32.55:401][  0]LogConfig: Setting CVar [[s.UnregisterComponentsTimeLimit:1.0]]
[2020.10.31-01.32.55:401][  0]LogConfig: Setting CVar [[s.LevelStreamingComponentsUnregistrationGranularity:5]]
[2020.10.31-01.32.55:401][  0]LogConfig: Setting CVar [[s.FlushStreamingOnExit:1]]
[2020.10.31-01.32.55:401][  0]LogConfig: Applying CVar settings from Section [/Script/Engine.GarbageCollectionSettings] File [C:/Users/felld/Documents/Unreal Projects/SteamProject-4.25/Saved/Config/Windows/Engine.ini]
[2020.10.31-01.32.55:401][  0]LogConfig: Setting CVar [[gc.MaxObjectsNotConsideredByGC:1]]
[2020.10.31-01.32.55:401][  0]LogConfig: Setting CVar [[gc.SizeOfPermanentObjectPool:0]]
[2020.10.31-01.32.55:401][  0]LogConfig: Setting CVar [[gc.FlushStreamingOnGC:0]]
[2020.10.31-01.32.55:401][  0]LogConfig: Setting CVar [[gc.NumRetriesBeforeForcingGC:10]]
[2020.10.31-01.32.55:401][  0]LogConfig: Setting CVar [[gc.AllowParallelGC:1]]
[2020.10.31-01.32.55:401][  0]LogConfig: Setting CVar [[gc.TimeBetweenPurgingPendingKillObjects:61.1]]
[2020.10.31-01.32.55:401][  0]LogConfig: Setting CVar [[gc.MaxObjectsInEditor:25165824]]
[2020.10.31-01.32.55:401][  0]LogConfig: Setting CVar [[gc.IncrementalBeginDestroyEnabled:1]]
[2020.10.31-01.32.55:401][  0]LogConfig: Setting CVar [[gc.CreateGCClusters:1]]
[2020.10.31-01.32.55:401][  0]LogConfig: Setting CVar [[gc.MinGCClusterSize:5]]
[2020.10.31-01.32.55:401][  0]LogConfig: Setting CVar [[gc.ActorClusteringEnabled:0]]
[2020.10.31-01.32.55:401][  0]LogConfig: Setting CVar [[gc.BlueprintClusteringEnabled:0]]
[2020.10.31-01.32.55:401][  0]LogConfig: Setting CVar [[gc.UseDisregardForGCOnDedicatedServers:0]]
[2020.10.31-01.32.55:401][  0]LogConfig: Applying CVar settings from Section [/Script/Engine.NetworkSettings] File [C:/Users/felld/Documents/Unreal Projects/SteamProject-4.25/Saved/Config/Windows/Engine.ini]
[2020.10.31-01.32.55:401][  0]LogConfig: Applying CVar settings from Section [/Script/UnrealEd.CookerSettings] File [C:/Users/felld/Documents/Unreal Projects/SteamProject-4.25/Saved/Config/Windows/Engine.ini]
[2020.10.31-01.32.55:410][  0]LogConfig: Applying CVar settings from Section [ViewDistanceQuality@3] File [C:/Users/felld/Documents/Unreal Projects/SteamProject-4.25/Saved/Config/Windows/Scalability.ini]
[2020.10.31-01.32.55:410][  0]LogConfig: Setting CVar [[r.SkeletalMeshLODBias:0]]
[2020.10.31-01.32.55:410][  0]LogConfig: Setting CVar [[r.ViewDistanceScale:1.0]]
[2020.10.31-01.32.55:410][  0]LogConfig: Applying CVar settings from Section [AntiAliasingQuality@3] File [C:/Users/felld/Documents/Unreal Projects/SteamProject-4.25/Saved/Config/Windows/Scalability.ini]
[2020.10.31-01.32.55:410][  0]LogConfig: Setting CVar [[r.PostProcessAAQuality:4]]
[2020.10.31-01.32.55:410][  0]LogConfig: Applying CVar settings from Section [ShadowQuality@3] File [C:/Users/felld/Documents/Unreal Projects/SteamProject-4.25/Saved/Config/Windows/Scalability.ini]
[2020.10.31-01.32.55:410][  0]LogConfig: Setting CVar [[r.LightFunctionQuality:1]]
[2020.10.31-01.32.55:410][  0]LogConfig: Setting CVar [[r.ShadowQuality:5]]
[2020.10.31-01.32.55:410][  0]LogConfig: Setting CVar [[r.Shadow.CSM.MaxCascades:10]]
[2020.10.31-01.32.55:410][  0]LogConfig: Setting CVar [[r.Shadow.MaxResolution:2048]]
[2020.10.31-01.32.55:410][  0]LogConfig: Setting CVar [[r.Shadow.MaxCSMResolution:2048]]
[2020.10.31-01.32.55:410][  0]LogConfig: Setting CVar [[r.Shadow.RadiusThreshold:0.01]]
[2020.10.31-01.32.55:410][  0]LogConfig: Setting CVar [[r.Shadow.DistanceScale:1.0]]
[2020.10.31-01.32.55:410][  0]LogConfig: Setting CVar [[r.Shadow.CSM.TransitionScale:1.0]]
[2020.10.31-01.32.55:410][  0]LogConfig: Setting CVar [[r.Shadow.PreShadowResolutionFactor:1.0]]
[2020.10.31-01.32.55:410][  0]LogConfig: Setting CVar [[r.DistanceFieldShadowing:1]]
[2020.10.31-01.32.55:410][  0]LogConfig: Setting CVar [[r.DistanceFieldAO:1]]
[2020.10.31-01.32.55:410][  0]LogConfig: Setting CVar [[r.AOQuality:2]]
[2020.10.31-01.32.55:410][  0]LogConfig: Setting CVar [[r.VolumetricFog:1]]
[2020.10.31-01.32.55:410][  0]LogConfig: Setting CVar [[r.VolumetricFog.GridPixelSize:8]]
[2020.10.31-01.32.55:410][  0]LogConfig: Setting CVar [[r.VolumetricFog.GridSizeZ:128]]
[2020.10.31-01.32.55:410][  0]LogConfig: Setting CVar [[r.VolumetricFog.HistoryMissSupersampleCount:4]]
[2020.10.31-01.32.55:410][  0]LogConfig: Setting CVar [[r.LightMaxDrawDistanceScale:1]]
[2020.10.31-01.32.55:410][  0]LogConfig: Setting CVar [[r.CapsuleShadows:1]]
[2020.10.31-01.32.55:410][  0]LogConfig: Applying CVar settings from Section [PostProcessQuality@3] File [C:/Users/felld/Documents/Unreal Projects/SteamProject-4.25/Saved/Config/Windows/Scalability.ini]
[2020.10.31-01.32.55:410][  0]LogConfig: Setting CVar [[r.MotionBlurQuality:4]]
[2020.10.31-01.32.55:410][  0]LogConfig: Setting CVar [[r.AmbientOcclusionMipLevelFactor:0.4]]
[2020.10.31-01.32.55:410][  0]LogConfig: Setting CVar [[r.AmbientOcclusionMaxQuality:100]]
[2020.10.31-01.32.55:410][  0]LogConfig: Setting CVar [[r.AmbientOcclusionLevels:-1]]
[2020.10.31-01.32.55:410][  0]LogConfig: Setting CVar [[r.AmbientOcclusionRadiusScale:1.0]]
[2020.10.31-01.32.55:410][  0]LogConfig: Setting CVar [[r.DepthOfFieldQuality:2]]
[2020.10.31-01.32.55:410][  0]LogConfig: Setting CVar [[r.RenderTargetPoolMin:400]]
[2020.10.31-01.32.55:410][  0]LogConfig: Setting CVar [[r.LensFlareQuality:2]]
[2020.10.31-01.32.55:410][  0]LogConfig: Setting CVar [[r.SceneColorFringeQuality:1]]
[2020.10.31-01.32.55:410][  0]LogConfig: Setting CVar [[r.EyeAdaptationQuality:2]]
[2020.10.31-01.32.55:410][  0]LogConfig: Setting CVar [[r.BloomQuality:5]]
[2020.10.31-01.32.55:410][  0]LogConfig: Setting CVar [[r.FastBlurThreshold:100]]
[2020.10.31-01.32.55:410][  0]LogConfig: Setting CVar [[r.Upscale.Quality:3]]
[2020.10.31-01.32.55:410][  0]LogConfig: Setting CVar [[r.Tonemapper.GrainQuantization:1]]
[2020.10.31-01.32.55:410][  0]LogConfig: Setting CVar [[r.LightShaftQuality:1]]
[2020.10.31-01.32.55:410][  0]LogConfig: Setting CVar [[r.Filter.SizeScale:1]]
[2020.10.31-01.32.55:410][  0]LogConfig: Setting CVar [[r.Tonemapper.Quality:5]]
[2020.10.31-01.32.55:410][  0]LogConfig: Setting CVar [[r.DOF.Gather.AccumulatorQuality:1        ; higher gathering accumulator quality]]
[2020.10.31-01.32.55:410][  0]LogConfig: Setting CVar [[r.DOF.Gather.PostfilterMethod:1          ; Median3x3 postfilering method]]
[2020.10.31-01.32.55:410][  0]LogConfig: Setting CVar [[r.DOF.Gather.EnableBokehSettings:0       ; no bokeh simulation when gathering]]
[2020.10.31-01.32.55:410][  0]LogConfig: Setting CVar [[r.DOF.Gather.RingCount:4                 ; medium number of samples when gathering]]
[2020.10.31-01.32.55:410][  0]LogConfig: Setting CVar [[r.DOF.Scatter.ForegroundCompositing:1    ; additive foreground scattering]]
[2020.10.31-01.32.55:410][  0]LogConfig: Setting CVar [[r.DOF.Scatter.BackgroundCompositing:2    ; additive background scattering]]
[2020.10.31-01.32.55:410][  0]LogConfig: Setting CVar [[r.DOF.Scatter.EnableBokehSettings:1      ; bokeh simulation when scattering]]
[2020.10.31-01.32.55:410][  0]LogConfig: Setting CVar [[r.DOF.Scatter.MaxSpriteRatio:0.1         ; only a maximum of 10% of scattered bokeh]]
[2020.10.31-01.32.55:410][  0]LogConfig: Setting CVar [[r.DOF.Recombine.Quality:1                ; cheap slight out of focus]]
[2020.10.31-01.32.55:410][  0]LogConfig: Setting CVar [[r.DOF.Recombine.EnableBokehSettings:0    ; no bokeh simulation on slight out of focus]]
[2020.10.31-01.32.55:410][  0]LogConfig: Setting CVar [[r.DOF.TemporalAAQuality:1                ; more stable temporal accumulation]]
[2020.10.31-01.32.55:411][  0]LogConfig: Setting CVar [[r.DOF.Kernel.MaxForegroundRadius:0.025]]
[2020.10.31-01.32.55:411][  0]LogConfig: Setting CVar [[r.DOF.Kernel.MaxBackgroundRadius:0.025]]
[2020.10.31-01.32.55:411][  0]LogConfig: Applying CVar settings from Section [TextureQuality@3] File [C:/Users/felld/Documents/Unreal Projects/SteamProject-4.25/Saved/Config/Windows/Scalability.ini]
[2020.10.31-01.32.55:411][  0]LogConfig: Setting CVar [[r.Streaming.MipBias:0]]
[2020.10.31-01.32.55:411][  0]LogConfig: Setting CVar [[r.Streaming.AmortizeCPUToGPUCopy:0]]
[2020.10.31-01.32.55:411][  0]LogConfig: Setting CVar [[r.Streaming.MaxNumTexturesToStreamPerFrame:0]]
[2020.10.31-01.32.55:411][  0]LogConfig: Setting CVar [[r.Streaming.Boost:1]]
[2020.10.31-01.32.55:411][  0]LogConfig: Setting CVar [[r.MaxAnisotropy:8]]
[2020.10.31-01.32.55:411][  0]LogConfig: Setting CVar [[r.VT.MaxAnisotropy:8]]
[2020.10.31-01.32.55:411][  0]LogConfig: Setting CVar [[r.Streaming.LimitPoolSizeToVRAM:0]]
[2020.10.31-01.32.55:411][  0]LogConfig: Setting CVar [[r.Streaming.PoolSize:1000]]
[2020.10.31-01.32.55:411][  0]LogConfig: Setting CVar [[r.Streaming.MaxEffectiveScreenSize:0]]
[2020.10.31-01.32.55:411][  0]LogConfig: Applying CVar settings from Section [EffectsQuality@3] File [C:/Users/felld/Documents/Unreal Projects/SteamProject-4.25/Saved/Config/Windows/Scalability.ini]
[2020.10.31-01.32.55:411][  0]LogConfig: Setting CVar [[r.TranslucencyLightingVolumeDim:64]]
[2020.10.31-01.32.55:411][  0]LogConfig: Setting CVar [[r.RefractionQuality:2]]
[2020.10.31-01.32.55:411][  0]LogConfig: Setting CVar [[r.SSR.Quality:3]]
[2020.10.31-01.32.55:411][  0]LogConfig: Setting CVar [[r.SSR.HalfResSceneColor:0]]
[2020.10.31-01.32.55:411][  0]LogConfig: Setting CVar [[r.SceneColorFormat:4]]
[2020.10.31-01.32.55:411][  0]LogConfig: Setting CVar [[r.DetailMode:2]]
[2020.10.31-01.32.55:411][  0]LogConfig: Setting CVar [[r.TranslucencyVolumeBlur:1]]
[2020.10.31-01.32.55:411][  0]LogConfig: Setting CVar [[r.MaterialQualityLevel:1 ; High quality]]
[2020.10.31-01.32.55:411][  0]LogConfig: Setting CVar [[r.SSS.Scale:1]]
[2020.10.31-01.32.55:411][  0]LogConfig: Setting CVar [[r.SSS.SampleSet:2]]
[2020.10.31-01.32.55:411][  0]LogConfig: Setting CVar [[r.SSS.Quality:1]]
[2020.10.31-01.32.55:411][  0]LogConfig: Setting CVar [[r.SSS.HalfRes:0]]
[2020.10.31-01.32.55:411][  0]LogConfig: Setting CVar [[r.SSGI.Quality:3]]
[2020.10.31-01.32.55:411][  0]LogConfig: Setting CVar [[r.EmitterSpawnRateScale:1.0]]
[2020.10.31-01.32.55:411][  0]LogConfig: Setting CVar [[r.ParticleLightQuality:2]]
[2020.10.31-01.32.55:411][  0]LogConfig: Setting CVar [[r.SkyAtmosphere.AerialPerspectiveLUT.FastApplyOnOpaque:1 ; Always have FastSkyLUT 1 in this case to avoid wrong sky]]
[2020.10.31-01.32.55:411][  0]LogConfig: Setting CVar [[r.SkyAtmosphere.AerialPerspectiveLUT.SampleCountPerSlice:1]]
[2020.10.31-01.32.55:411][  0]LogConfig: Setting CVar [[r.SkyAtmosphere.AerialPerspectiveLUT.DepthResolution:16.0]]
[2020.10.31-01.32.55:411][  0]LogConfig: Setting CVar [[r.SkyAtmosphere.FastSkyLUT:1]]
[2020.10.31-01.32.55:411][  0]LogConfig: Setting CVar [[r.SkyAtmosphere.FastSkyLUT.SampleCountMin:4.0]]
[2020.10.31-01.32.55:411][  0]LogConfig: Setting CVar [[r.SkyAtmosphere.FastSkyLUT.SampleCountMax:32.0]]
[2020.10.31-01.32.55:411][  0]LogConfig: Setting CVar [[r.SkyAtmosphere.SampleCountMin:4.0]]
[2020.10.31-01.32.55:411][  0]LogConfig: Setting CVar [[r.SkyAtmosphere.SampleCountMax:32.0]]
[2020.10.31-01.32.55:411][  0]LogConfig: Setting CVar [[r.SkyAtmosphere.TransmittanceLUT.UseSmallFormat:0]]
[2020.10.31-01.32.55:411][  0]LogConfig: Setting CVar [[r.SkyAtmosphere.TransmittanceLUT.SampleCount:10.0]]
[2020.10.31-01.32.55:411][  0]LogConfig: Setting CVar [[r.SkyAtmosphere.MultiScatteringLUT.SampleCount:15.0]]
[2020.10.31-01.32.55:412][  0]LogConfig: Applying CVar settings from Section [FoliageQuality@3] File [C:/Users/felld/Documents/Unreal Projects/SteamProject-4.25/Saved/Config/Windows/Scalability.ini]
[2020.10.31-01.32.55:412][  0]LogConfig: Setting CVar [[foliage.DensityScale:1.0]]
[2020.10.31-01.32.55:412][  0]LogConfig: Setting CVar [[grass.DensityScale:1.0]]
[2020.10.31-01.32.55:412][  0]LogConfig: Applying CVar settings from Section [ShadingQuality@3] File [C:/Users/felld/Documents/Unreal Projects/SteamProject-4.25/Saved/Config/Windows/Scalability.ini]
[2020.10.31-01.32.55:412][  0]LogConfig: Setting CVar [[r.HairStrands.SkyLighting.SampleCount:16]]
[2020.10.31-01.32.55:412][  0]LogConfig: Setting CVar [[r.HairStrands.SkyLighting.JitterIntegration:0]]
[2020.10.31-01.32.55:412][  0]LogConfig: Setting CVar [[r.HairStrands.SkyAO.SampleCount:16]]
[2020.10.31-01.32.55:412][  0]LogConfig: Setting CVar [[r.HairStrands.DeepShadow.SuperSampling:0]]
[2020.10.31-01.32.55:412][  0]LogConfig: Setting CVar [[r.HairStrands.VisibilityPPLL:0]]
[2020.10.31-01.32.55:412][  0]LogConfig: Setting CVar [[r.HairStrands.RasterizationScale:0.5]]
[2020.10.31-01.32.55:412][  0]LogConfig: Setting CVar [[r.HairStrands.VelocityRasterizationScale:1]]
[2020.10.31-01.32.55:412][  0]LogInit: Selected Device Profile: [Windows]
[2020.10.31-01.32.55:412][  0]LogInit: Applying CVar settings loaded from the selected device profile: [Windows]
[2020.10.31-01.32.55:412][  0]LogHAL: Display: Platform has ~ 16 GB [17106046976 / 17179869184 / 16], which maps to Larger [LargestMinGB=32, LargerMinGB=12, DefaultMinGB=8, SmallerMinGB=6, SmallestMinGB=0)
[2020.10.31-01.32.55:412][  0]LogInit: Going up to parent DeviceProfile []
[2020.10.31-01.32.55:412][  0]LogConfig: Applying CVar settings from Section [ViewDistanceQuality@3] File [C:/Users/felld/Documents/Unreal Projects/SteamProject-4.25/Saved/Config/Windows/Scalability.ini]
[2020.10.31-01.32.55:412][  0]LogConfig: Setting CVar [[r.SkeletalMeshLODBias:0]]
[2020.10.31-01.32.55:412][  0]LogConfig: Setting CVar [[r.ViewDistanceScale:1.0]]
[2020.10.31-01.32.55:412][  0]LogConfig: Applying CVar settings from Section [AntiAliasingQuality@3] File [C:/Users/felld/Documents/Unreal Projects/SteamProject-4.25/Saved/Config/Windows/Scalability.ini]
[2020.10.31-01.32.55:412][  0]LogConfig: Setting CVar [[r.PostProcessAAQuality:4]]
[2020.10.31-01.32.55:412][  0]LogConfig: Applying CVar settings from Section [ShadowQuality@3] File [C:/Users/felld/Documents/Unreal Projects/SteamProject-4.25/Saved/Config/Windows/Scalability.ini]
[2020.10.31-01.32.55:412][  0]LogConfig: Setting CVar [[r.LightFunctionQuality:1]]
[2020.10.31-01.32.55:412][  0]LogConfig: Setting CVar [[r.ShadowQuality:5]]
[2020.10.31-01.32.55:412][  0]LogConfig: Setting CVar [[r.Shadow.CSM.MaxCascades:10]]
[2020.10.31-01.32.55:412][  0]LogConfig: Setting CVar [[r.Shadow.MaxResolution:2048]]
[2020.10.31-01.32.55:412][  0]LogConfig: Setting CVar [[r.Shadow.MaxCSMResolution:2048]]
[2020.10.31-01.32.55:412][  0]LogConfig: Setting CVar [[r.Shadow.RadiusThreshold:0.01]]
[2020.10.31-01.32.55:412][  0]LogConfig: Setting CVar [[r.Shadow.DistanceScale:1.0]]
[2020.10.31-01.32.55:412][  0]LogConfig: Setting CVar [[r.Shadow.CSM.TransitionScale:1.0]]
[2020.10.31-01.32.55:412][  0]LogConfig: Setting CVar [[r.Shadow.PreShadowResolutionFactor:1.0]]
[2020.10.31-01.32.55:412][  0]LogConfig: Setting CVar [[r.DistanceFieldShadowing:1]]
[2020.10.31-01.32.55:412][  0]LogConfig: Setting CVar [[r.DistanceFieldAO:1]]
[2020.10.31-01.32.55:412][  0]LogConfig: Setting CVar [[r.AOQuality:2]]
[2020.10.31-01.32.55:412][  0]LogConfig: Setting CVar [[r.VolumetricFog:1]]
[2020.10.31-01.32.55:412][  0]LogConfig: Setting CVar [[r.VolumetricFog.GridPixelSize:8]]
[2020.10.31-01.32.55:412][  0]LogConfig: Setting CVar [[r.VolumetricFog.GridSizeZ:128]]
[2020.10.31-01.32.55:413][  0]LogConfig: Setting CVar [[r.VolumetricFog.HistoryMissSupersampleCount:4]]
[2020.10.31-01.32.55:413][  0]LogConfig: Setting CVar [[r.LightMaxDrawDistanceScale:1]]
[2020.10.31-01.32.55:413][  0]LogConfig: Setting CVar [[r.CapsuleShadows:1]]
[2020.10.31-01.32.55:413][  0]LogConfig: Applying CVar settings from Section [PostProcessQuality@3] File [C:/Users/felld/Documents/Unreal Projects/SteamProject-4.25/Saved/Config/Windows/Scalability.ini]
[2020.10.31-01.32.55:413][  0]LogConfig: Setting CVar [[r.MotionBlurQuality:4]]
[2020.10.31-01.32.55:413][  0]LogConfig: Setting CVar [[r.AmbientOcclusionMipLevelFactor:0.4]]
[2020.10.31-01.32.55:413][  0]LogConfig: Setting CVar [[r.AmbientOcclusionMaxQuality:100]]
[2020.10.31-01.32.55:413][  0]LogConfig: Setting CVar [[r.AmbientOcclusionLevels:-1]]
[2020.10.31-01.32.55:413][  0]LogConfig: Setting CVar [[r.AmbientOcclusionRadiusScale:1.0]]
[2020.10.31-01.32.55:413][  0]LogConfig: Setting CVar [[r.DepthOfFieldQuality:2]]
[2020.10.31-01.32.55:413][  0]LogConfig: Setting CVar [[r.RenderTargetPoolMin:400]]
[2020.10.31-01.32.55:413][  0]LogConfig: Setting CVar [[r.LensFlareQuality:2]]
[2020.10.31-01.32.55:413][  0]LogConfig: Setting CVar [[r.SceneColorFringeQuality:1]]
[2020.10.31-01.32.55:413][  0]LogConfig: Setting CVar [[r.EyeAdaptationQuality:2]]
[2020.10.31-01.32.55:413][  0]LogConfig: Setting CVar [[r.BloomQuality:5]]
[2020.10.31-01.32.55:413][  0]LogConfig: Setting CVar [[r.FastBlurThreshold:100]]
[2020.10.31-01.32.55:413][  0]LogConfig: Setting CVar [[r.Upscale.Quality:3]]
[2020.10.31-01.32.55:413][  0]LogConfig: Setting CVar [[r.Tonemapper.GrainQuantization:1]]
[2020.10.31-01.32.55:413][  0]LogConfig: Setting CVar [[r.LightShaftQuality:1]]
[2020.10.31-01.32.55:413][  0]LogConfig: Setting CVar [[r.Filter.SizeScale:1]]
[2020.10.31-01.32.55:413][  0]LogConfig: Setting CVar [[r.Tonemapper.Quality:5]]
[2020.10.31-01.32.55:413][  0]LogConfig: Setting CVar [[r.DOF.Gather.AccumulatorQuality:1        ; higher gathering accumulator quality]]
[2020.10.31-01.32.55:413][  0]LogConfig: Setting CVar [[r.DOF.Gather.PostfilterMethod:1          ; Median3x3 postfilering method]]
[2020.10.31-01.32.55:413][  0]LogConfig: Setting CVar [[r.DOF.Gather.EnableBokehSettings:0       ; no bokeh simulation when gathering]]
[2020.10.31-01.32.55:413][  0]LogConfig: Setting CVar [[r.DOF.Gather.RingCount:4                 ; medium number of samples when gathering]]
[2020.10.31-01.32.55:413][  0]LogConfig: Setting CVar [[r.DOF.Scatter.ForegroundCompositing:1    ; additive foreground scattering]]
[2020.10.31-01.32.55:413][  0]LogConfig: Setting CVar [[r.DOF.Scatter.BackgroundCompositing:2    ; additive background scattering]]
[2020.10.31-01.32.55:413][  0]LogConfig: Setting CVar [[r.DOF.Scatter.EnableBokehSettings:1      ; bokeh simulation when scattering]]
[2020.10.31-01.32.55:413][  0]LogConfig: Setting CVar [[r.DOF.Scatter.MaxSpriteRatio:0.1         ; only a maximum of 10% of scattered bokeh]]
[2020.10.31-01.32.55:413][  0]LogConfig: Setting CVar [[r.DOF.Recombine.Quality:1                ; cheap slight out of focus]]
[2020.10.31-01.32.55:413][  0]LogConfig: Setting CVar [[r.DOF.Recombine.EnableBokehSettings:0    ; no bokeh simulation on slight out of focus]]
[2020.10.31-01.32.55:413][  0]LogConfig: Setting CVar [[r.DOF.TemporalAAQuality:1                ; more stable temporal accumulation]]
[2020.10.31-01.32.55:413][  0]LogConfig: Setting CVar [[r.DOF.Kernel.MaxForegroundRadius:0.025]]
[2020.10.31-01.32.55:413][  0]LogConfig: Setting CVar [[r.DOF.Kernel.MaxBackgroundRadius:0.025]]
[2020.10.31-01.32.55:413][  0]LogConfig: Applying CVar settings from Section [TextureQuality@3] File [C:/Users/felld/Documents/Unreal Projects/SteamProject-4.25/Saved/Config/Windows/Scalability.ini]
[2020.10.31-01.32.55:413][  0]LogConfig: Setting CVar [[r.Streaming.MipBias:0]]
[2020.10.31-01.32.55:413][  0]LogConfig: Setting CVar [[r.Streaming.AmortizeCPUToGPUCopy:0]]
[2020.10.31-01.32.55:413][  0]LogConfig: Setting CVar [[r.Streaming.MaxNumTexturesToStreamPerFrame:0]]
[2020.10.31-01.32.55:413][  0]LogConfig: Setting CVar [[r.Streaming.Boost:1]]
[2020.10.31-01.32.55:413][  0]LogConfig: Setting CVar [[r.MaxAnisotropy:8]]
[2020.10.31-01.32.55:413][  0]LogConfig: Setting CVar [[r.VT.MaxAnisotropy:8]]
[2020.10.31-01.32.55:413][  0]LogConfig: Setting CVar [[r.Streaming.LimitPoolSizeToVRAM:0]]
[2020.10.31-01.32.55:413][  0]LogConfig: Setting CVar [[r.Streaming.PoolSize:1000]]
[2020.10.31-01.32.55:413][  0]LogConfig: Setting CVar [[r.Streaming.MaxEffectiveScreenSize:0]]
[2020.10.31-01.32.55:414][  0]LogConfig: Applying CVar settings from Section [EffectsQuality@3] File [C:/Users/felld/Documents/Unreal Projects/SteamProject-4.25/Saved/Config/Windows/Scalability.ini]
[2020.10.31-01.32.55:414][  0]LogConfig: Setting CVar [[r.TranslucencyLightingVolumeDim:64]]
[2020.10.31-01.32.55:414][  0]LogConfig: Setting CVar [[r.RefractionQuality:2]]
[2020.10.31-01.32.55:414][  0]LogConfig: Setting CVar [[r.SSR.Quality:3]]
[2020.10.31-01.32.55:414][  0]LogConfig: Setting CVar [[r.SSR.HalfResSceneColor:0]]
[2020.10.31-01.32.55:414][  0]LogConfig: Setting CVar [[r.SceneColorFormat:4]]
[2020.10.31-01.32.55:414][  0]LogConfig: Setting CVar [[r.DetailMode:2]]
[2020.10.31-01.32.55:414][  0]LogConfig: Setting CVar [[r.TranslucencyVolumeBlur:1]]
[2020.10.31-01.32.55:414][  0]LogConfig: Setting CVar [[r.MaterialQualityLevel:1 ; High quality]]
[2020.10.31-01.32.55:414][  0]LogConfig: Setting CVar [[r.SSS.Scale:1]]
[2020.10.31-01.32.55:414][  0]LogConfig: Setting CVar [[r.SSS.SampleSet:2]]
[2020.10.31-01.32.55:414][  0]LogConfig: Setting CVar [[r.SSS.Quality:1]]
[2020.10.31-01.32.55:414][  0]LogConfig: Setting CVar [[r.SSS.HalfRes:0]]
[2020.10.31-01.32.55:414][  0]LogConfig: Setting CVar [[r.SSGI.Quality:3]]
[2020.10.31-01.32.55:414][  0]LogConfig: Setting CVar [[r.EmitterSpawnRateScale:1.0]]
[2020.10.31-01.32.55:414][  0]LogConfig: Setting CVar [[r.ParticleLightQuality:2]]
[2020.10.31-01.32.55:414][  0]LogConfig: Setting CVar [[r.SkyAtmosphere.AerialPerspectiveLUT.FastApplyOnOpaque:1 ; Always have FastSkyLUT 1 in this case to avoid wrong sky]]
[2020.10.31-01.32.55:414][  0]LogConfig: Setting CVar [[r.SkyAtmosphere.AerialPerspectiveLUT.SampleCountPerSlice:1]]
[2020.10.31-01.32.55:414][  0]LogConfig: Setting CVar [[r.SkyAtmosphere.AerialPerspectiveLUT.DepthResolution:16.0]]
[2020.10.31-01.32.55:414][  0]LogConfig: Setting CVar [[r.SkyAtmosphere.FastSkyLUT:1]]
[2020.10.31-01.32.55:414][  0]LogConfig: Setting CVar [[r.SkyAtmosphere.FastSkyLUT.SampleCountMin:4.0]]
[2020.10.31-01.32.55:414][  0]LogConfig: Setting CVar [[r.SkyAtmosphere.FastSkyLUT.SampleCountMax:32.0]]
[2020.10.31-01.32.55:414][  0]LogConfig: Setting CVar [[r.SkyAtmosphere.SampleCountMin:4.0]]
[2020.10.31-01.32.55:414][  0]LogConfig: Setting CVar [[r.SkyAtmosphere.SampleCountMax:32.0]]
[2020.10.31-01.32.55:414][  0]LogConfig: Setting CVar [[r.SkyAtmosphere.TransmittanceLUT.UseSmallFormat:0]]
[2020.10.31-01.32.55:414][  0]LogConfig: Setting CVar [[r.SkyAtmosphere.TransmittanceLUT.SampleCount:10.0]]
[2020.10.31-01.32.55:414][  0]LogConfig: Setting CVar [[r.SkyAtmosphere.MultiScatteringLUT.SampleCount:15.0]]
[2020.10.31-01.32.55:414][  0]LogConfig: Applying CVar settings from Section [FoliageQuality@3] File [C:/Users/felld/Documents/Unreal Projects/SteamProject-4.25/Saved/Config/Windows/Scalability.ini]
[2020.10.31-01.32.55:414][  0]LogConfig: Setting CVar [[foliage.DensityScale:1.0]]
[2020.10.31-01.32.55:414][  0]LogConfig: Setting CVar [[grass.DensityScale:1.0]]
[2020.10.31-01.32.55:414][  0]LogConfig: Applying CVar settings from Section [ShadingQuality@3] File [C:/Users/felld/Documents/Unreal Projects/SteamProject-4.25/Saved/Config/Windows/Scalability.ini]
[2020.10.31-01.32.55:414][  0]LogConfig: Setting CVar [[r.HairStrands.SkyLighting.SampleCount:16]]
[2020.10.31-01.32.55:414][  0]LogConfig: Setting CVar [[r.HairStrands.SkyLighting.JitterIntegration:0]]
[2020.10.31-01.32.55:414][  0]LogConfig: Setting CVar [[r.HairStrands.SkyAO.SampleCount:16]]
[2020.10.31-01.32.55:414][  0]LogConfig: Setting CVar [[r.HairStrands.DeepShadow.SuperSampling:0]]
[2020.10.31-01.32.55:414][  0]LogConfig: Setting CVar [[r.HairStrands.VisibilityPPLL:0]]
[2020.10.31-01.32.55:414][  0]LogConfig: Setting CVar [[r.HairStrands.RasterizationScale:0.5]]
[2020.10.31-01.32.55:414][  0]LogConfig: Setting CVar [[r.HairStrands.VelocityRasterizationScale:1]]
[2020.10.31-01.32.55:414][  0]LogConfig: Applying CVar settings from Section [Startup] File [../../../Engine/Config/ConsoleVariables.ini]
[2020.10.31-01.32.55:415][  0]LogConfig: Setting CVar [[net.UseAdaptiveNetUpdateFrequency:0]]
[2020.10.31-01.32.55:415][  0]LogConfig: Setting CVar [[p.chaos.AllowCreatePhysxBodies:1]]
[2020.10.31-01.32.55:415][  0]LogConfig: Setting CVar [[fx.SkipVectorVMBackendOptimizations:1]]
[2020.10.31-01.32.55:415][  0]LogConfig: Applying CVar settings from Section [ConsoleVariables] File [C:/Users/felld/Documents/Unreal Projects/SteamProject-4.25/Saved/Config/Windows/Engine.ini]
[2020.10.31-01.32.55:415][  0]LogInit: Computer: DESKTOP-4R3MID4
[2020.10.31-01.32.55:415][  0]LogInit: User: felld
[2020.10.31-01.32.55:415][  0]LogInit: CPU Page size=4096, Cores=4
[2020.10.31-01.32.55:415][  0]LogInit: High frequency timer resolution =10.000000 MHz
[2020.10.31-01.32.55:415][  0]LogMemory: Memory total: Physical=15.9GB (16GB approx)
[2020.10.31-01.32.55:415][  0]LogMemory: Platform Memory Stats for Windows
[2020.10.31-01.32.55:415][  0]LogMemory: Process Physical Memory: 114.15 MB used, 114.16 MB peak
[2020.10.31-01.32.55:415][  0]LogMemory: Process Virtual Memory: 95.15 MB used, 95.15 MB peak
[2020.10.31-01.32.55:415][  0]LogMemory: Physical Memory: 8328.75 MB used,  7984.85 MB free, 16313.60 MB total
[2020.10.31-01.32.55:415][  0]LogMemory: Virtual Memory: 5129.86 MB used,  134212600.00 MB free, 134217728.00 MB total
[2020.10.31-01.32.55:425][  0]LogWindows: WindowsPlatformFeatures enabled
[2020.10.31-01.32.55:503][  0]LogInit: Physics initialised using underlying interface: PhysX
[2020.10.31-01.32.55:503][  0]LogInit: Using OS detected language (en-GB).
[2020.10.31-01.32.55:503][  0]LogInit: Using OS detected locale (en-GB).
[2020.10.31-01.32.55:506][  0]LogTextLocalizationManager: No specific localization for 'en-GB' exists, so the 'en' localization will be used.
[2020.10.31-01.32.55:829][  0]LogSlate: New Slate User Created.  User Index 0, Is Virtual User: 0
[2020.10.31-01.32.55:829][  0]LogSlate: Slate User Registered.  User Index 0, Is Virtual User: 0
[2020.10.31-01.32.55:844][  0]LogHMD: Failed to initialize OpenVR with code 110
[2020.10.31-01.32.55:844][  0]LogD3D11RHI: D3D11 min allowed feature level: 11_0
[2020.10.31-01.32.55:844][  0]LogD3D11RHI: D3D11 max allowed feature level: 11_0
[2020.10.31-01.32.55:844][  0]LogD3D11RHI: D3D11 adapters:
[2020.10.31-01.32.55:952][  0]LogD3D11RHI:    0. 'NVIDIA GeForce GTX 970' (Feature Level 11_0)
[2020.10.31-01.32.55:952][  0]LogD3D11RHI:       4043/0/8156 MB DedicatedVideo/DedicatedSystem/SharedSystem, Outputs:2, VendorId:0x10de
[2020.10.31-01.32.55:956][  0]LogD3D11RHI:    1. 'Microsoft Basic Render Driver' (Feature Level 11_0)
[2020.10.31-01.32.55:956][  0]LogD3D11RHI:       0/0/8156 MB DedicatedVideo/DedicatedSystem/SharedSystem, Outputs:0, VendorId:0x1414
[2020.10.31-01.32.55:956][  0]LogD3D11RHI: Chosen D3D11 Adapter: 0
[2020.10.31-01.32.55:964][  0]LogD3D11RHI: Creating new Direct3DDevice
[2020.10.31-01.32.55:965][  0]LogD3D11RHI:     GPU DeviceId: 0x13c2 (for the marketing name, search the web for "GPU Device Id")
[2020.10.31-01.32.55:965][  0]LogWindows: EnumDisplayDevices:
[2020.10.31-01.32.55:965][  0]LogWindows:    0. 'NVIDIA GeForce GTX 970' (P:1 D:1)
[2020.10.31-01.32.55:965][  0]LogWindows:    1. 'NVIDIA GeForce GTX 970' (P:0 D:1)
[2020.10.31-01.32.55:966][  0]LogWindows:    2. 'NVIDIA GeForce GTX 970' (P:0 D:0)
[2020.10.31-01.32.55:966][  0]LogWindows:    3. 'NVIDIA GeForce GTX 970' (P:0 D:0)
[2020.10.31-01.32.55:966][  0]LogWindows: DebugString: FoundDriverCount:4 
[2020.10.31-01.32.55:966][  0]LogD3D11RHI:     Adapter Name: NVIDIA GeForce GTX 970
[2020.10.31-01.32.55:966][  0]LogD3D11RHI:   Driver Version: 456.71 (internal:27.21.14.5671, unified:456.71)
[2020.10.31-01.32.55:966][  0]LogD3D11RHI:      Driver Date: 9-30-2020
[2020.10.31-01.32.55:966][  0]LogRHI: Texture pool is 2830 MB (70% of 4043 MB)
[2020.10.31-01.32.56:051][  0]LogD3D11RHI: RHI has support for 64 bit atomics
[2020.10.31-01.32.56:053][  0]LogD3D11RHI: Async texture creation enabled
[2020.10.31-01.32.56:053][  0]LogD3D11RHI: Array index from any shader is supported
[2020.10.31-01.32.56:078][  0]LogD3D11RHI: GPU Timing Frequency: 1000.000000 (Debug: 2 1)
[2020.10.31-01.32.56:701][  0]LogTargetPlatformManager: Display: Loaded TargetPlatform 'WindowsNoEditor'
[2020.10.31-01.32.56:708][  0]LogTargetPlatformManager: Display: Loaded TargetPlatform 'Windows'
[2020.10.31-01.32.56:721][  0]LogTargetPlatformManager: Display: Loaded TargetPlatform 'WindowsClient'
[2020.10.31-01.32.56:734][  0]LogTargetPlatformManager: Display: Loaded TargetPlatform 'WindowsServer'
[2020.10.31-01.32.56:734][  0]LogTargetPlatformManager: Display: Building Assets For Windows
[2020.10.31-01.32.56:748][  0]LogAudioDebug: Display: Lib vorbis DLL was dynamically loaded.
[2020.10.31-01.32.56:844][  0]LogShaderCompilers: Guid format shader working directory is -27 characters bigger than the processId version (../../../../../../Users/felld/Documents/Unreal Projects/SteamProject-4.25/Intermediate/Shaders/WorkingDirectory/9592/).
[2020.10.31-01.32.56:844][  0]LogShaderCompilers: Cleaned the shader compiler working directory 'C:/Users/felld/AppData/Local/Temp/UnrealShaderWorkingDir/AD29733C45F9ADE2F85D6A90D7D29EB7/'.
[2020.10.31-01.32.56:845][  0]LogXGEController: Cannot use XGE Controller as Incredibuild is not installed on this machine.
[2020.10.31-01.32.56:845][  0]LogShaderCompilers: Cannot use XGE Shader Compiler as Incredibuild is not installed on this machine.
[2020.10.31-01.32.56:845][  0]LogShaderCompilers: Display: Using Local Shader Compiler.
[2020.10.31-01.32.57:985][  0]LogDerivedDataCache: Display: Max Cache Size: 512 MB
[2020.10.31-01.32.58:074][  0]LogDerivedDataCache: Loaded boot cache 0.09s 75MB C:/Users/felld/AppData/Local/UnrealEngine/4.25/DerivedDataCache/Boot.ddc.
[2020.10.31-01.32.58:074][  0]LogDerivedDataCache: Display: Loaded Boot cache: C:/Users/felld/AppData/Local/UnrealEngine/4.25/DerivedDataCache/Boot.ddc
[2020.10.31-01.32.58:074][  0]LogDerivedDataCache: FDerivedDataBackendGraph:  Pak pak cache file ../../../../../../Users/felld/Documents/Unreal Projects/SteamProject-4.25/DerivedDataCache/DDC.ddp not found, will not use a pak cache.
[2020.10.31-01.32.58:074][  0]LogDerivedDataCache: Unable to find inner node Pak for hierarchical cache Hierarchy.
[2020.10.31-01.32.58:075][  0]LogDerivedDataCache: FDerivedDataBackendGraph:  CompressedPak pak cache file ../../../../../../Users/felld/Documents/Unreal Projects/SteamProject-4.25/DerivedDataCache/Compressed.ddp not found, will not use a pak cache.
[2020.10.31-01.32.58:075][  0]LogDerivedDataCache: Unable to find inner node CompressedPak for hierarchical cache Hierarchy.
[2020.10.31-01.32.58:091][  0]LogDerivedDataCache: Display: Pak cache opened for reading ../../../Engine/DerivedDataCache/Compressed.ddp.
[2020.10.31-01.32.58:091][  0]LogDerivedDataCache: FDerivedDataBackendGraph:  EnterprisePak pak cache file ../../../Enterprise/DerivedDataCache/Compressed.ddp not found, will not use a pak cache.
[2020.10.31-01.32.58:091][  0]LogDerivedDataCache: Unable to find inner node EnterprisePak for hierarchical cache Hierarchy.
[2020.10.31-01.32.58:093][  0]LogDerivedDataCache: Using Local data cache path C:/Users/felld/AppData/Local/UnrealEngine/Common/DerivedDataCache: Writable
[2020.10.31-01.32.58:093][  0]LogDerivedDataCache: Shared data cache path not found in *engine.ini, will not use an Shared cache.
[2020.10.31-01.32.58:093][  0]LogDerivedDataCache: Unable to find inner node Shared for hierarchical cache Hierarchy.
[2020.10.31-01.32.58:149][  0]LogSlate: Using FreeType 2.10.0
[2020.10.31-01.32.58:151][  0]LogSlate: SlateFontServices - WITH_FREETYPE: 1, WITH_HARFBUZZ: 1
[2020.10.31-01.32.58:264][  0]LogInit: Using OS detected language (en-GB).
[2020.10.31-01.32.58:264][  0]LogInit: Using OS detected locale (en-GB).
[2020.10.31-01.32.58:264][  0]LogTextLocalizationManager: No localization for 'en-GB' exists, so 'en' will be used for the language.
[2020.10.31-01.32.58:264][  0]LogTextLocalizationManager: No localization for 'en-GB' exists, so 'en' will be used for the locale.
[2020.10.31-01.32.58:265][  0]LogSlate: FontCache flush requested. Reason: Culture for localization was changed
[2020.10.31-01.32.58:265][  0]LogSlate: FontCache flush requested. Reason: Culture for localization was changed
[2020.10.31-01.32.58:266][  0]LogTextLocalizationManager: Compacting localization data took   0.00ms
[2020.10.31-01.32.58:270][  0]LogAssetRegistry: FAssetRegistry took 0.0022 seconds to start up
[2020.10.31-01.32.58:508][  0]LogPackageLocalizationCache: Processed 19 localized package path(s) for 1 prioritized culture(s) in 0.001757 seconds
[2020.10.31-01.32.58:577][  0]LogInit: Selected Device Profile: [Windows]
[2020.10.31-01.32.58:728][  0]LogMeshReduction: Using QuadricMeshReduction for automatic static mesh reduction
[2020.10.31-01.32.58:728][  0]LogMeshReduction: Using SimplygonMeshReduction for automatic skeletal mesh reduction
[2020.10.31-01.32.58:728][  0]LogMeshReduction: Using ProxyLODMeshReduction for automatic mesh merging
[2020.10.31-01.32.58:728][  0]LogMeshReduction: No distributed automatic mesh merging module available
[2020.10.31-01.32.58:728][  0]LogMeshMerging: No distributed automatic mesh merging module available
[2020.10.31-01.32.58:751][  0]LogNetVersion: SteamProject 1.0.0, NetCL: 13144385, EngineNetVer: 14, GameNetVer: 0 (Checksum: 2999612733)
[2020.10.31-01.32.59:064][  0]LogAISub: UAISubsystem::UAISubsystem AISubsystem (000001E136605880), frame # 0
[2020.10.31-01.32.59:064][  0]LogAISub: UAISubsystem::UAISubsystem AIPerceptionSystem (000001E136584900), frame # 0
[2020.10.31-01.32.59:065][  0]LogAISub: UAISubsystem::UAISubsystem EnvQueryManager (000001E1365D8C00), frame # 0
[2020.10.31-01.32.59:191][  0]LogCollectionManager: Loaded 0 collections in 0.000987 seconds
[2020.10.31-01.32.59:193][  0]LogFileCache: Scanning file cache for directory 'C:/Users/felld/Documents/Unreal Projects/SteamProject-4.25/Saved/Collections/' took 0.00s
[2020.10.31-01.32.59:193][  0]LogFileCache: Scanning file cache for directory 'C:/Users/felld/Documents/Unreal Projects/SteamProject-4.25/Content/Developers/felld/Collections/' took 0.00s
[2020.10.31-01.32.59:193][  0]LogFileCache: Scanning file cache for directory 'C:/Users/felld/Documents/Unreal Projects/SteamProject-4.25/Content/Collections/' took 0.00s
[2020.10.31-01.32.59:193][  0]LogCollectionManager: Fixed up redirectors for 0 collections in 0.000005 seconds (updated 0 objects)
[2020.10.31-01.32.59:275][  0]LogMoviePlayer: Initializing movie player
[2020.10.31-01.32.59:522][  0]LogTcpMessaging: Initializing TcpMessaging bridge
[2020.10.31-01.32.59:527][  0]LogUdpMessaging: Initializing bridge on interface 0.0.0.0:0 to multicast group 230.0.0.1:6666.
[2020.10.31-01.32.59:587][  0]SourceControl: Source control is disabled
[2020.10.31-01.32.59:587][  0]SourceControl: Source control is disabled
[2020.10.31-01.32.59:599][  0]SourceControl: Source control is disabled
[2020.10.31-01.32.59:778][  0]LogAndroidPermission: UAndroidPermissionCallbackProxy::GetInstance
[2020.10.31-01.32.59:804][  0]LogAudioCaptureCore: Display: No Audio Capture implementations found. Audio input will be silent.
[2020.10.31-01.32.59:804][  0]LogAudioCaptureCore: Display: No Audio Capture implementations found. Audio input will be silent.
[2020.10.31-01.32.59:866][  0]LogOcInput: OculusInput pre-init called
[2020.10.31-01.32.59:884][  0]LogUObjectArray: 19072 objects as part of root set at end of initial load.
[2020.10.31-01.32.59:884][  0]LogUObjectAllocator: 5026912 out of 0 bytes used by permanent object pool.
[2020.10.31-01.32.59:884][  0]LogUObjectArray: CloseDisregardForGC: 0/0 objects in disregard for GC pool
[2020.10.31-01.32.59:934][  0]LogEngine: Initializing Engine...
[2020.10.31-01.32.59:936][  0]LogHMD: Failed to initialize OpenVR with code 110
[2020.10.31-01.32.59:936][  0]LogMagicLeap: Warning: VR disabled because ZI is not enabled.  To enable, in the editor, Edit -> Project Settings -> Plugins -> Magic Leap Plugin -> Enable Zero Iteration
[2020.10.31-01.32.59:938][  0]LogStats: UGameplayTagsManager::InitializeManager -  0.000 s
[2020.10.31-01.33.00:056][  0]LogInit: Initializing FReadOnlyCVARCache
[2020.10.31-01.33.00:061][  0]LogAudioMixer: Display: Audio Mixer Platform Settings:
[2020.10.31-01.33.00:061][  0]LogAudioMixer: Display: 	Sample Rate:						  48000
[2020.10.31-01.33.00:061][  0]LogAudioMixer: Display: 	Callback Buffer Frame Size Requested: 1024
[2020.10.31-01.33.00:061][  0]LogAudioMixer: Display: 	Callback Buffer Frame Size To Use:	  1024
[2020.10.31-01.33.00:061][  0]LogAudioMixer: Display: 	Number of buffers to queue:			  2
[2020.10.31-01.33.00:061][  0]LogAudioMixer: Display: 	Max Channels (voices):				  32
[2020.10.31-01.33.00:061][  0]LogAudioMixer: Display: 	Number of Async Source Workers:		  0
[2020.10.31-01.33.00:061][  0]LogAudio: Display: AudioDevice MaxSources: 32
[2020.10.31-01.33.00:061][  0]LogAudio: Display: Using built-in audio occlusion.
[2020.10.31-01.33.00:061][  0]LogAudioMixer: Display: Initializing audio mixer.
[2020.10.31-01.33.00:089][  0]LogAudioMixer: Display: 0: FrontLeft
[2020.10.31-01.33.00:089][  0]LogAudioMixer: Display: 1: FrontRight
[2020.10.31-01.33.00:216][  0]LogAudioMixer: Display: Using Audio Device Headset Earphone (Razer Kraken 7.1 V2)
[2020.10.31-01.33.00:223][  0]LogAudioMixer: Display: Initializing Sound Submixes...
[2020.10.31-01.33.00:225][  0]LogAudioMixer: Display: Creating Master Submix 'MasterSubmixDefault'
[2020.10.31-01.33.00:225][  0]LogAudioMixer: Display: Creating Master Submix 'MasterReverbSubmixDefault'
[2020.10.31-01.33.00:227][  0]LogAudioMixer: Display: Creating Master Submix 'MasterEQSubmixDefault'
[2020.10.31-01.33.00:233][  0]LogInit: FAudioDevice initialized.
[2020.10.31-01.33.00:240][  0]LogNetVersion: Set ProjectVersion to 1.0.0.0. Version Checksum will be recalculated on next use.
[2020.10.31-01.33.00:240][  0]LogInit: Texture streaming: Enabled
[2020.10.31-01.33.00:481][  0]LogSlate: Updating window title bar state: overlay mode, drag disabled, window buttons hidden, title bar hidden
[2020.10.31-01.33.00:482][  0]LogInit: Display: Game Engine Initialized.
[2020.10.31-01.33.00:482][  0]LogNiagaraEditor: Warning: GEditor isn't valid! Particle reset commands will not work for Niagara components!
[2020.10.31-01.33.00:522][  0]LogInit: Display: Starting Game.
[2020.10.31-01.33.00:522][  0]LogNet: Browse: /Game/Maps/MainMenu?Name=Player
[2020.10.31-01.33.00:522][  0]LogLoad: LoadMap: /Game/Maps/MainMenu?Name=Player
[2020.10.31-01.33.00:522][  0]LogWorld: BeginTearingDown for /Temp/Untitled_0
[2020.10.31-01.33.00:523][  0]LogWorld: UWorld::CleanupWorld for Untitled, bSessionEnded=true, bCleanupResources=true
[2020.10.31-01.33.00:524][  0]LogSlate: InvalidateAllWidgets triggered.  All widgets were invalidated
[2020.10.31-01.33.00:536][  0]LogUObjectHash: Compacting FUObjectHashTables data took   0.77ms
[2020.10.31-01.33.00:552][  0]LogAIModule: Creating AISystem for world MainMenu
[2020.10.31-01.33.00:552][  0]LogAISub: UAISubsystem::UAISubsystem EnvQueryManager (000001E13CCB8A00), frame # 0
[2020.10.31-01.33.00:552][  0]LogAISub: UAISubsystem::UAISubsystem AIPerceptionSystem (000001E13CECDBC0), frame # 0
[2020.10.31-01.33.00:700][  0]LogLoad: Game class is 'ThirdPersonGameMode_C'
[2020.10.31-01.33.00:702][  0]LogWorld: Bringing World /Game/Maps/MainMenu.MainMenu up for play (max tick rate 0) at 2020.10.31-01.33.00
[2020.10.31-01.33.00:702][  0]LogWorld: Bringing up level for play took: 0.000605
[2020.10.31-01.33.00:702][  0]LogGameMode: FindPlayerStart: PATHS NOT DEFINED or NO PLAYERSTART with positive rating
[2020.10.31-01.33.00:704][  0]LogGameMode: Display: Match State Changed from EnteringMap to WaitingToStart
[2020.10.31-01.33.00:704][  0]LogGameState: Match State Changed from EnteringMap to WaitingToStart
[2020.10.31-01.33.00:704][  0]LogGameMode: Display: Match State Changed from WaitingToStart to InProgress
[2020.10.31-01.33.00:708][  0]LogGameState: Match State Changed from WaitingToStart to InProgress
[2020.10.31-01.33.00:709][  0]LogLoad: Took 0.185923 seconds to LoadMap(/Game/Maps/MainMenu)
[2020.10.31-01.33.00:786][  0]LogRenderer: Reallocating scene render targets to support 1280x720 Format 10 NumSamples 1 (Frame:1).
[2020.10.31-01.33.00:786][  0]LogLoad: (Engine Initialization) Total time: 7.72 seconds
[2020.10.31-01.33.00:786][  0]LogLoad: (Engine Initialization) Total Blueprint compile time: 0.00 seconds
[2020.10.31-01.33.00:790][  0]LogContentStreaming: Texture pool size now 1000 MB
[2020.10.31-01.33.00:795][  0]LogSlate: InvalidateAllWidgets triggered.  All widgets were invalidated
[2020.10.31-01.33.01:335][ 69]LogAudio: Display: Waited 39.286900 ms for audio thread.
[2020.10.31-01.33.01:371][ 69]LogAudio: Display: Waited 74.370895 ms for audio thread.
[2020.10.31-01.33.01:371][ 69]LogAudio: Display: Waited 74.438599 ms for audio thread.
[2020.10.31-01.33.01:410][ 70]LogAudio: Display: Waited 37.929798 ms for audio thread.
[2020.10.31-01.33.01:420][ 70]LogAudio: Display: Waited 47.393700 ms for audio thread.
[2020.10.31-01.33.01:815][144]LogAudio: Display: Waited 35.693501 ms for audio thread.
[2020.10.31-01.33.02:039][157]LogAudio: Display: Waited 38.059399 ms for audio thread.
[2020.10.31-01.33.02:041][157]LogAudio: Display: Waited 39.385700 ms for audio thread.
[2020.10.31-01.33.46:870][636]LogAudio: Display: Waited 35.466499 ms for audio thread.
[2020.10.31-01.33.46:875][636]LogAudio: Display: Waited 39.146301 ms for audio thread.
[2020.10.31-01.33.46:930][638]LogAudio: Display: Waited 35.163902 ms for audio thread.
[2020.10.31-01.33.46:944][638]LogAudio: Display: Waited 49.112801 ms for audio thread.
[2020.10.31-01.33.48:028][710]LogAudio: Display: Waited 36.696697 ms for audio thread.
[2020.10.31-01.33.48:036][710]LogAudio: Display: Waited 44.674500 ms for audio thread.
[2020.10.31-01.33.50:026][ 76]LogSlate: WidgetSwitcher ('None') active index changed to 1
[2020.10.31-01.33.55:024][185]LogSlate: WidgetSwitcher ('None') active index changed to 0
[2020.10.31-01.33.56:648][549]LogSlate: WidgetSwitcher ('None') active index changed to 1
[2020.10.31-01.34.01:648][745]LogSlate: WidgetSwitcher ('None') active index changed to 0
[2020.10.31-01.34.17:673][  6]LogAudio: Display: Waited 38.841198 ms for audio thread.
[2020.10.31-01.34.17:677][  6]LogAudio: Display: Waited 42.191299 ms for audio thread.
[2020.10.31-01.34.17:740][ 10]LogAudio: Display: Waited 35.681400 ms for audio thread.
[2020.10.31-01.34.17:741][ 10]LogAudio: Display: Waited 37.191601 ms for audio thread.
[2020.10.31-01.34.18:702][180]LogAudio: Display: Waited 36.587700 ms for audio thread.
[2020.10.31-01.34.18:714][180]LogAudio: Display: Waited 48.064499 ms for audio thread.
[2020.10.31-01.34.23:000][876]LogAudio: Display: Waited 41.596302 ms for audio thread.
[2020.10.31-01.34.23:006][876]LogAudio: Display: Waited 47.801899 ms for audio thread.
[2020.10.31-01.34.23:681][967]LogAudio: Display: Waited 36.793701 ms for audio thread.
[2020.10.31-01.34.23:682][967]LogAudio: Display: Waited 37.830700 ms for audio thread.
[2020.10.31-01.34.24:226][ 29]LogAudio: Display: Waited 36.257198 ms for audio thread.
[2020.10.31-01.34.24:234][ 29]LogAudio: Display: Waited 44.149700 ms for audio thread.
[2020.10.31-01.34.24:345][ 41]LogAudio: Display: Waited 40.756901 ms for audio thread.
[2020.10.31-01.34.24:359][ 41]LogAudio: Display: Waited 54.703197 ms for audio thread.
[2020.10.31-01.34.24:673][ 69]LogAudio: Display: Waited 35.707001 ms for audio thread.
[2020.10.31-01.34.24:673][ 69]LogAudio: Display: Waited 36.449200 ms for audio thread.
[2020.10.31-01.34.26:653][329]LogAudio: Display: Waited 35.734402 ms for audio thread.
[2020.10.31-01.34.26:661][329]LogAudio: Display: Waited 44.726601 ms for audio thread.
[2020.10.31-01.34.29:543][720]LogAudio: Display: Waited 36.287502 ms for audio thread.
[2020.10.31-01.34.29:543][720]LogAudio: Display: Waited 36.453499 ms for audio thread.
[2020.10.31-01.34.30:772][840]LogAudio: Display: Waited 37.688099 ms for audio thread.
[2020.10.31-01.34.30:798][840]LogAudio: Display: Waited 64.194702 ms for audio thread.
[2020.10.31-01.34.30:838][841]LogAudio: Display: Waited 35.323002 ms for audio thread.
[2020.10.31-01.34.30:841][841]LogAudio: Display: Waited 37.897800 ms for audio thread.
[2020.10.31-01.34.30:881][843]LogAudio: Display: Waited 36.022701 ms for audio thread.
[2020.10.31-01.34.30:904][843]LogAudio: Display: Waited 58.663902 ms for audio thread.
[2020.10.31-01.34.31:034][848]LogAudio: Display: Waited 36.150398 ms for audio thread.
[2020.10.31-01.34.31:071][848]LogAudio: Display: Waited 72.114494 ms for audio thread.
[2020.10.31-01.34.31:082][848]LogAudio: Display: Waited 83.642296 ms for audio thread.
[2020.10.31-01.34.31:159][852]LogAudio: Display: Waited 35.113499 ms for audio thread.
[2020.10.31-01.34.31:175][852]LogAudio: Display: Waited 51.491001 ms for audio thread.
[2020.10.31-01.34.31:221][854]LogAudio: Display: Waited 36.852901 ms for audio thread.
[2020.10.31-01.34.31:223][854]LogAudio: Display: Waited 39.169598 ms for audio thread.
[2020.10.31-01.34.33:372][163]LogAudio: Display: Waited 35.646301 ms for audio thread.
[2020.10.31-01.34.33:373][163]LogAudio: Display: Waited 37.081902 ms for audio thread.
[2020.10.31-01.34.36:903][634]LogAudio: Display: Waited 49.271301 ms for audio thread.
[2020.10.31-01.34.36:918][634]LogAudio: Display: Waited 65.352203 ms for audio thread.
[2020.10.31-01.34.36:982][636]LogAudio: Display: Waited 35.788399 ms for audio thread.
[2020.10.31-01.34.36:995][636]LogAudio: Display: Waited 49.407299 ms for audio thread.
[2020.10.31-01.34.37:117][646]LogAudio: Display: Waited 37.354900 ms for audio thread.
[2020.10.31-01.34.37:119][646]LogAudio: Display: Waited 39.349499 ms for audio thread.
[2020.10.31-01.35.02:282][ 82]LogAudio: Display: Waited 36.009899 ms for audio thread.
[2020.10.31-01.35.02:289][ 82]LogAudio: Display: Waited 43.260002 ms for audio thread.
